20:51:40.893 [background-preinit] INFO  o.h.v.i.util.Version - [<clinit>,21] - HV000001: Hibernate Validator 6.2.5.Final
20:51:41.537 [main] INFO  c.a.n.c.r.client - [lambda$createClient$0,80] - [RpcClientFactory] create a new rpc client of adf5328e-700a-472f-9372-38e96f2b608a_config-0
20:51:41.570 [main] INFO  o.r.Reflections - [scan,232] - Reflections took 21 ms to scan 1 urls, producing 3 keys and 6 values 
20:51:41.589 [main] INFO  o.r.Reflections - [scan,232] - Reflections took 10 ms to scan 1 urls, producing 4 keys and 9 values 
20:51:41.600 [main] INFO  o.r.Reflections - [scan,232] - Reflections took 9 ms to scan 1 urls, producing 3 keys and 10 values 
20:51:41.729 [main] INFO  o.r.Reflections - [scan,232] - Reflections took 126 ms to scan 175 urls, producing 0 keys and 0 values 
20:51:41.737 [main] INFO  o.r.Reflections - [scan,232] - Reflections took 7 ms to scan 1 urls, producing 1 keys and 5 values 
20:51:41.746 [main] INFO  o.r.Reflections - [scan,232] - Reflections took 8 ms to scan 1 urls, producing 1 keys and 7 values 
20:51:41.756 [main] INFO  o.r.Reflections - [scan,232] - Reflections took 8 ms to scan 1 urls, producing 2 keys and 8 values 
20:51:41.862 [main] INFO  o.r.Reflections - [scan,232] - Reflections took 104 ms to scan 175 urls, producing 0 keys and 0 values 
20:51:41.862 [main] INFO  c.a.n.c.r.client - [printIfInfoEnabled,60] - [adf5328e-700a-472f-9372-38e96f2b608a_config-0] RpcClient init label, labels = {module=config, Vipserver-Tag=null, source=sdk, Amory-Tag=null, Location-Tag=null, taskId=0, AppName=unknown}
20:51:41.862 [main] INFO  c.a.n.c.r.client - [printIfInfoEnabled,60] - [adf5328e-700a-472f-9372-38e96f2b608a_config-0] Register server push request handler:com.alibaba.nacos.client.config.impl.ClientWorker$ConfigRpcTransportClient$$Lambda$336/645875534
20:51:41.864 [main] INFO  c.a.n.c.r.client - [printIfInfoEnabled,60] - [adf5328e-700a-472f-9372-38e96f2b608a_config-0] Register server push request handler:com.alibaba.nacos.client.config.impl.ClientWorker$ConfigRpcTransportClient$$Lambda$337/2054451662
20:51:41.864 [main] INFO  c.a.n.c.r.client - [printIfInfoEnabled,60] - [adf5328e-700a-472f-9372-38e96f2b608a_config-0] Registry connection listener to current client:com.alibaba.nacos.client.config.impl.ClientWorker$ConfigRpcTransportClient$1
20:51:41.865 [main] INFO  c.a.n.c.r.client - [printIfInfoEnabled,60] - [adf5328e-700a-472f-9372-38e96f2b608a_config-0] RpcClient init, ServerListFactory = com.alibaba.nacos.client.config.impl.ClientWorker$ConfigRpcTransportClient$2
20:51:41.870 [main] INFO  c.a.n.c.r.client - [printIfInfoEnabled,60] - [adf5328e-700a-472f-9372-38e96f2b608a_config-0] Try to connect to server on start up, server: {serverIp = '127.0.0.1', server main port = 8848}
20:51:43.153 [main] INFO  c.a.n.c.r.client - [printIfInfoEnabled,60] - [adf5328e-700a-472f-9372-38e96f2b608a_config-0] Success to connect to server [127.0.0.1:8848] on start up, connectionId = 1685364702932_127.0.0.1_1177
20:51:43.153 [com.alibaba.nacos.client.remote.worker] INFO  c.a.n.c.r.client - [printIfInfoEnabled,60] - [adf5328e-700a-472f-9372-38e96f2b608a_config-0] Notify connected event to listeners.
20:51:43.153 [main] INFO  c.a.n.c.r.client - [printIfInfoEnabled,60] - [adf5328e-700a-472f-9372-38e96f2b608a_config-0] Register server push request handler:com.alibaba.nacos.common.remote.client.RpcClient$ConnectResetRequestHandler
20:51:43.155 [main] INFO  c.a.n.c.r.client - [printIfInfoEnabled,60] - [adf5328e-700a-472f-9372-38e96f2b608a_config-0] Register server push request handler:com.alibaba.nacos.common.remote.client.RpcClient$$Lambda$345/1178777373
20:51:43.227 [main] INFO  c.r.a.RuoYiAuthApplication - [logStartupProfileInfo,637] - The following 1 profile is active: "dev"
20:51:44.536 [main] INFO  o.a.c.h.Http11NioProtocol - [log,173] - Initializing ProtocolHandler ["http-nio-9200"]
20:51:44.537 [main] INFO  o.a.c.c.StandardService - [log,173] - Starting service [Tomcat]
20:51:44.537 [main] INFO  o.a.c.c.StandardEngine - [log,173] - Starting Servlet engine: [Apache Tomcat/9.0.70]
20:51:44.691 [main] INFO  o.a.c.c.C.[.[.[/] - [log,173] - Initializing Spring embedded WebApplicationContext
20:51:45.548 [main] INFO  c.a.c.s.SentinelWebMvcConfigurer - [addInterceptors,52] - [Sentinel Starter] register SentinelWebInterceptor with urlPatterns: [/**].
20:51:46.932 [main] INFO  c.a.n.c.r.client - [lambda$createClient$0,80] - [RpcClientFactory] create a new rpc client of 16393128-3751-4990-8bb0-d9ee8738cd8d
20:51:46.932 [main] INFO  c.a.n.c.r.client - [printIfInfoEnabled,60] - [16393128-3751-4990-8bb0-d9ee8738cd8d] RpcClient init label, labels = {module=naming, source=sdk}
20:51:46.934 [main] INFO  c.a.n.c.r.client - [printIfInfoEnabled,60] - [16393128-3751-4990-8bb0-d9ee8738cd8d] RpcClient init, ServerListFactory = com.alibaba.nacos.client.naming.core.ServerListManager
20:51:46.934 [main] INFO  c.a.n.c.r.client - [printIfInfoEnabled,60] - [16393128-3751-4990-8bb0-d9ee8738cd8d] Registry connection listener to current client:com.alibaba.nacos.client.naming.remote.gprc.redo.NamingGrpcRedoService
20:51:46.935 [main] INFO  c.a.n.c.r.client - [printIfInfoEnabled,60] - [16393128-3751-4990-8bb0-d9ee8738cd8d] Register server push request handler:com.alibaba.nacos.client.naming.remote.gprc.NamingPushRequestHandler
20:51:46.935 [main] INFO  c.a.n.c.r.client - [printIfInfoEnabled,60] - [16393128-3751-4990-8bb0-d9ee8738cd8d] Try to connect to server on start up, server: {serverIp = '127.0.0.1', server main port = 8848}
20:51:47.053 [main] INFO  c.a.n.c.r.client - [printIfInfoEnabled,60] - [16393128-3751-4990-8bb0-d9ee8738cd8d] Success to connect to server [127.0.0.1:8848] on start up, connectionId = 1685364706939_127.0.0.1_1225
20:51:47.053 [com.alibaba.nacos.client.remote.worker] INFO  c.a.n.c.r.client - [printIfInfoEnabled,60] - [16393128-3751-4990-8bb0-d9ee8738cd8d] Notify connected event to listeners.
20:51:47.053 [main] INFO  c.a.n.c.r.client - [printIfInfoEnabled,60] - [16393128-3751-4990-8bb0-d9ee8738cd8d] Register server push request handler:com.alibaba.nacos.common.remote.client.RpcClient$ConnectResetRequestHandler
20:51:47.053 [main] INFO  c.a.n.c.r.client - [printIfInfoEnabled,60] - [16393128-3751-4990-8bb0-d9ee8738cd8d] Register server push request handler:com.alibaba.nacos.common.remote.client.RpcClient$$Lambda$345/1178777373
20:51:47.094 [main] INFO  o.a.c.h.Http11NioProtocol - [log,173] - Starting ProtocolHandler ["http-nio-9200"]
20:51:47.119 [main] INFO  c.a.c.n.r.NacosServiceRegistry - [register,75] - nacos registry, DEFAULT_GROUP ruoyi-auth 10.37.7.61:9200 register finished
20:51:47.466 [main] INFO  c.r.a.RuoYiAuthApplication - [logStarted,61] - Started RuoYiAuthApplication in 7.335 seconds (JVM running for 8.121)
20:51:47.476 [main] INFO  c.a.c.n.r.NacosContextRefresher - [registerNacosListener,129] - [Nacos Config] Listening config: dataId=ruoyi-auth.yml, group=DEFAULT_GROUP
20:51:47.477 [main] INFO  c.a.c.n.r.NacosContextRefresher - [registerNacosListener,129] - [Nacos Config] Listening config: dataId=ruoyi-auth-dev.yml, group=DEFAULT_GROUP
20:51:47.477 [main] INFO  c.a.c.n.r.NacosContextRefresher - [registerNacosListener,129] - [Nacos Config] Listening config: dataId=ruoyi-auth, group=DEFAULT_GROUP
20:51:48.132 [nacos-grpc-client-executor-11] INFO  c.a.n.c.r.client - [printIfInfoEnabled,60] - [16393128-3751-4990-8bb0-d9ee8738cd8d] Receive server push request, request = NotifySubscriberRequest, requestId = 1
20:51:48.132 [nacos-grpc-client-executor-11] INFO  c.a.n.c.r.client - [printIfInfoEnabled,60] - [16393128-3751-4990-8bb0-d9ee8738cd8d] Ack server push request, request = NotifySubscriberRequest, requestId = 1
20:51:48.441 [RMI TCP Connection(3)-192.168.211.1] INFO  o.a.c.c.C.[.[.[/] - [log,173] - Initializing Spring DispatcherServlet 'dispatcherServlet'
21:47:09.823 [nacos-grpc-client-executor-678] INFO  c.a.n.c.r.client - [printIfInfoEnabled,60] - [16393128-3751-4990-8bb0-d9ee8738cd8d] Receive server push request, request = NotifySubscriberRequest, requestId = 9
21:47:09.823 [nacos-grpc-client-executor-678] INFO  c.a.n.c.r.client - [printIfInfoEnabled,60] - [16393128-3751-4990-8bb0-d9ee8738cd8d] Ack server push request, request = NotifySubscriberRequest, requestId = 9
22:08:59.716 [SpringApplicationShutdownHook] INFO  c.a.c.n.r.NacosServiceRegistry - [deregister,94] - De-registering from Nacos Server now...
22:08:59.718 [SpringApplicationShutdownHook] INFO  c.a.c.n.r.NacosServiceRegistry - [deregister,114] - De-registration finished.
22:09:00.034 [SpringApplicationShutdownHook] INFO  c.a.n.c.r.client - [shutdown,454] - Shutdown rpc client, set status to shutdown
22:09:00.034 [SpringApplicationShutdownHook] INFO  c.a.n.c.r.client - [shutdown,456] - Shutdown client event executor java.util.concurrent.ScheduledThreadPoolExecutor@18eb5329[Running, pool size = 2, active threads = 2, queued tasks = 0, completed tasks = 0]
22:09:00.034 [SpringApplicationShutdownHook] INFO  c.a.n.c.r.client - [closeConnection,591] - Close current connection 1685364706939_127.0.0.1_1225
22:09:00.035 [nacos-grpc-client-executor-942] INFO  c.a.n.c.r.c.g.GrpcClient - [printIfInfoEnabled,60] - [1685364706939_127.0.0.1_1225]Ignore complete event,isRunning:false,isAbandon=false
22:09:00.038 [SpringApplicationShutdownHook] INFO  c.a.n.c.r.c.g.GrpcClient - [shutdown,85] - Shutdown grpc executor java.util.concurrent.ThreadPoolExecutor@31a09447[Running, pool size = 4, active threads = 0, queued tasks = 0, completed tasks = 943]
22:09:18.603 [background-preinit] INFO  o.h.v.i.util.Version - [<clinit>,21] - HV000001: Hibernate Validator 6.2.5.Final
22:09:19.151 [main] INFO  c.a.n.c.r.client - [lambda$createClient$0,80] - [RpcClientFactory] create a new rpc client of 4827d069-2611-4f3c-8ec5-0a18d8c86355_config-0
22:09:19.179 [main] INFO  o.r.Reflections - [scan,232] - Reflections took 18 ms to scan 1 urls, producing 3 keys and 6 values 
22:09:19.197 [main] INFO  o.r.Reflections - [scan,232] - Reflections took 9 ms to scan 1 urls, producing 4 keys and 9 values 
22:09:19.206 [main] INFO  o.r.Reflections - [scan,232] - Reflections took 8 ms to scan 1 urls, producing 3 keys and 10 values 
22:09:19.321 [main] INFO  o.r.Reflections - [scan,232] - Reflections took 113 ms to scan 175 urls, producing 0 keys and 0 values 
22:09:19.329 [main] INFO  o.r.Reflections - [scan,232] - Reflections took 7 ms to scan 1 urls, producing 1 keys and 5 values 
22:09:19.337 [main] INFO  o.r.Reflections - [scan,232] - Reflections took 7 ms to scan 1 urls, producing 1 keys and 7 values 
22:09:19.345 [main] INFO  o.r.Reflections - [scan,232] - Reflections took 7 ms to scan 1 urls, producing 2 keys and 8 values 
22:09:19.450 [main] INFO  o.r.Reflections - [scan,232] - Reflections took 103 ms to scan 175 urls, producing 0 keys and 0 values 
22:09:19.451 [main] INFO  c.a.n.c.r.client - [printIfInfoEnabled,60] - [4827d069-2611-4f3c-8ec5-0a18d8c86355_config-0] RpcClient init label, labels = {module=config, Vipserver-Tag=null, source=sdk, Amory-Tag=null, Location-Tag=null, taskId=0, AppName=unknown}
22:09:19.451 [main] INFO  c.a.n.c.r.client - [printIfInfoEnabled,60] - [4827d069-2611-4f3c-8ec5-0a18d8c86355_config-0] Register server push request handler:com.alibaba.nacos.client.config.impl.ClientWorker$ConfigRpcTransportClient$$Lambda$336/1659309731
22:09:19.451 [main] INFO  c.a.n.c.r.client - [printIfInfoEnabled,60] - [4827d069-2611-4f3c-8ec5-0a18d8c86355_config-0] Register server push request handler:com.alibaba.nacos.client.config.impl.ClientWorker$ConfigRpcTransportClient$$Lambda$337/1056862342
22:09:19.452 [main] INFO  c.a.n.c.r.client - [printIfInfoEnabled,60] - [4827d069-2611-4f3c-8ec5-0a18d8c86355_config-0] Registry connection listener to current client:com.alibaba.nacos.client.config.impl.ClientWorker$ConfigRpcTransportClient$1
22:09:19.452 [main] INFO  c.a.n.c.r.client - [printIfInfoEnabled,60] - [4827d069-2611-4f3c-8ec5-0a18d8c86355_config-0] RpcClient init, ServerListFactory = com.alibaba.nacos.client.config.impl.ClientWorker$ConfigRpcTransportClient$2
22:09:19.456 [main] INFO  c.a.n.c.r.client - [printIfInfoEnabled,60] - [4827d069-2611-4f3c-8ec5-0a18d8c86355_config-0] Try to connect to server on start up, server: {serverIp = '127.0.0.1', server main port = 8848}
22:09:20.669 [main] INFO  c.a.n.c.r.client - [printIfInfoEnabled,60] - [4827d069-2611-4f3c-8ec5-0a18d8c86355_config-0] Success to connect to server [127.0.0.1:8848] on start up, connectionId = 1685369360453_127.0.0.1_7907
22:09:20.669 [com.alibaba.nacos.client.remote.worker] INFO  c.a.n.c.r.client - [printIfInfoEnabled,60] - [4827d069-2611-4f3c-8ec5-0a18d8c86355_config-0] Notify connected event to listeners.
22:09:20.670 [main] INFO  c.a.n.c.r.client - [printIfInfoEnabled,60] - [4827d069-2611-4f3c-8ec5-0a18d8c86355_config-0] Register server push request handler:com.alibaba.nacos.common.remote.client.RpcClient$ConnectResetRequestHandler
22:09:20.670 [main] INFO  c.a.n.c.r.client - [printIfInfoEnabled,60] - [4827d069-2611-4f3c-8ec5-0a18d8c86355_config-0] Register server push request handler:com.alibaba.nacos.common.remote.client.RpcClient$$Lambda$345/1774589469
22:09:20.722 [main] INFO  c.r.a.RuoYiAuthApplication - [logStartupProfileInfo,637] - The following 1 profile is active: "dev"
22:09:21.873 [main] INFO  o.a.c.h.Http11NioProtocol - [log,173] - Initializing ProtocolHandler ["http-nio-9200"]
22:09:21.874 [main] INFO  o.a.c.c.StandardService - [log,173] - Starting service [Tomcat]
22:09:21.874 [main] INFO  o.a.c.c.StandardEngine - [log,173] - Starting Servlet engine: [Apache Tomcat/9.0.70]
22:09:22.024 [main] INFO  o.a.c.c.C.[.[.[/] - [log,173] - Initializing Spring embedded WebApplicationContext
22:09:22.804 [main] INFO  c.a.c.s.SentinelWebMvcConfigurer - [addInterceptors,52] - [Sentinel Starter] register SentinelWebInterceptor with urlPatterns: [/**].
22:09:24.161 [main] INFO  c.a.n.c.r.client - [lambda$createClient$0,80] - [RpcClientFactory] create a new rpc client of a5172f6d-dc59-4d7e-9a5c-5f674e309493
22:09:24.161 [main] INFO  c.a.n.c.r.client - [printIfInfoEnabled,60] - [a5172f6d-dc59-4d7e-9a5c-5f674e309493] RpcClient init label, labels = {module=naming, source=sdk}
22:09:24.162 [main] INFO  c.a.n.c.r.client - [printIfInfoEnabled,60] - [a5172f6d-dc59-4d7e-9a5c-5f674e309493] RpcClient init, ServerListFactory = com.alibaba.nacos.client.naming.core.ServerListManager
22:09:24.162 [main] INFO  c.a.n.c.r.client - [printIfInfoEnabled,60] - [a5172f6d-dc59-4d7e-9a5c-5f674e309493] Registry connection listener to current client:com.alibaba.nacos.client.naming.remote.gprc.redo.NamingGrpcRedoService
22:09:24.163 [main] INFO  c.a.n.c.r.client - [printIfInfoEnabled,60] - [a5172f6d-dc59-4d7e-9a5c-5f674e309493] Register server push request handler:com.alibaba.nacos.client.naming.remote.gprc.NamingPushRequestHandler
22:09:24.163 [main] INFO  c.a.n.c.r.client - [printIfInfoEnabled,60] - [a5172f6d-dc59-4d7e-9a5c-5f674e309493] Try to connect to server on start up, server: {serverIp = '127.0.0.1', server main port = 8848}
22:09:24.270 [main] INFO  c.a.n.c.r.client - [printIfInfoEnabled,60] - [a5172f6d-dc59-4d7e-9a5c-5f674e309493] Success to connect to server [127.0.0.1:8848] on start up, connectionId = 1685369364167_127.0.0.1_8018
22:09:24.270 [main] INFO  c.a.n.c.r.client - [printIfInfoEnabled,60] - [a5172f6d-dc59-4d7e-9a5c-5f674e309493] Register server push request handler:com.alibaba.nacos.common.remote.client.RpcClient$ConnectResetRequestHandler
22:09:24.270 [main] INFO  c.a.n.c.r.client - [printIfInfoEnabled,60] - [a5172f6d-dc59-4d7e-9a5c-5f674e309493] Register server push request handler:com.alibaba.nacos.common.remote.client.RpcClient$$Lambda$345/1774589469
22:09:24.270 [com.alibaba.nacos.client.remote.worker] INFO  c.a.n.c.r.client - [printIfInfoEnabled,60] - [a5172f6d-dc59-4d7e-9a5c-5f674e309493] Notify connected event to listeners.
22:09:24.288 [main] INFO  o.a.c.h.Http11NioProtocol - [log,173] - Starting ProtocolHandler ["http-nio-9200"]
22:09:24.301 [main] INFO  c.a.c.n.r.NacosServiceRegistry - [register,75] - nacos registry, DEFAULT_GROUP ruoyi-auth 10.37.7.61:9200 register finished
22:09:24.648 [main] INFO  c.r.a.RuoYiAuthApplication - [logStarted,61] - Started RuoYiAuthApplication in 6.648 seconds (JVM running for 7.395)
22:09:24.655 [main] INFO  c.a.c.n.r.NacosContextRefresher - [registerNacosListener,129] - [Nacos Config] Listening config: dataId=ruoyi-auth.yml, group=DEFAULT_GROUP
22:09:24.656 [main] INFO  c.a.c.n.r.NacosContextRefresher - [registerNacosListener,129] - [Nacos Config] Listening config: dataId=ruoyi-auth-dev.yml, group=DEFAULT_GROUP
22:09:24.657 [main] INFO  c.a.c.n.r.NacosContextRefresher - [registerNacosListener,129] - [Nacos Config] Listening config: dataId=ruoyi-auth, group=DEFAULT_GROUP
22:09:24.800 [nacos-grpc-client-executor-6] INFO  c.a.n.c.r.client - [printIfInfoEnabled,60] - [a5172f6d-dc59-4d7e-9a5c-5f674e309493] Receive server push request, request = NotifySubscriberRequest, requestId = 16
22:09:24.804 [nacos-grpc-client-executor-6] INFO  c.a.n.c.r.client - [printIfInfoEnabled,60] - [a5172f6d-dc59-4d7e-9a5c-5f674e309493] Ack server push request, request = NotifySubscriberRequest, requestId = 16
22:09:25.551 [RMI TCP Connection(2)-192.168.211.1] INFO  o.a.c.c.C.[.[.[/] - [log,173] - Initializing Spring DispatcherServlet 'dispatcherServlet'
23:37:32.092 [SpringApplicationShutdownHook] INFO  c.a.c.n.r.NacosServiceRegistry - [deregister,94] - De-registering from Nacos Server now...
23:37:32.092 [SpringApplicationShutdownHook] INFO  c.a.c.n.r.NacosServiceRegistry - [deregister,114] - De-registration finished.
23:37:32.438 [SpringApplicationShutdownHook] INFO  c.a.n.c.r.client - [shutdown,454] - Shutdown rpc client, set status to shutdown
23:37:32.438 [SpringApplicationShutdownHook] INFO  c.a.n.c.r.client - [shutdown,456] - Shutdown client event executor java.util.concurrent.ScheduledThreadPoolExecutor@19dae833[Running, pool size = 2, active threads = 2, queued tasks = 0, completed tasks = 0]
23:37:32.438 [SpringApplicationShutdownHook] INFO  c.a.n.c.r.client - [closeConnection,591] - Close current connection 1685369364167_127.0.0.1_8018
23:37:32.438 [nacos-grpc-client-executor-1074] INFO  c.a.n.c.r.c.g.GrpcClient - [printIfInfoEnabled,60] - [1685369364167_127.0.0.1_8018]Ignore complete event,isRunning:false,isAbandon=false
23:37:32.438 [SpringApplicationShutdownHook] INFO  c.a.n.c.r.c.g.GrpcClient - [shutdown,85] - Shutdown grpc executor java.util.concurrent.ThreadPoolExecutor@3872a564[Running, pool size = 6, active threads = 0, queued tasks = 0, completed tasks = 1075]
