15:04:34.260 [background-preinit] INFO  o.h.v.i.util.Version - [<clinit>,21] - HV000001: Hibernate Validator 6.2.5.Final
15:04:35.026 [main] INFO  c.a.n.c.r.client - [lambda$createClient$0,80] - [RpcClientFactory] create a new rpc client of 5e3f4b2f-05ef-474f-a333-8a4e1369c1ee_config-0
15:04:35.072 [main] INFO  o.r.Reflections - [scan,232] - Reflections took 32 ms to scan 1 urls, producing 3 keys and 6 values 
15:04:35.099 [main] INFO  o.r.Reflections - [scan,232] - Reflections took 14 ms to scan 1 urls, producing 4 keys and 9 values 
15:04:35.117 [main] INFO  o.r.Reflections - [scan,232] - Reflections took 15 ms to scan 1 urls, producing 3 keys and 10 values 
15:04:35.278 [main] INFO  o.r.Reflections - [scan,232] - Reflections took 158 ms to scan 199 urls, producing 0 keys and 0 values 
15:04:35.289 [main] INFO  o.r.Reflections - [scan,232] - Reflections took 10 ms to scan 1 urls, producing 1 keys and 5 values 
15:04:35.299 [main] INFO  o.r.Reflections - [scan,232] - Reflections took 8 ms to scan 1 urls, producing 1 keys and 7 values 
15:04:35.309 [main] INFO  o.r.Reflections - [scan,232] - Reflections took 8 ms to scan 1 urls, producing 2 keys and 8 values 
15:04:35.431 [main] INFO  o.r.Reflections - [scan,232] - Reflections took 121 ms to scan 199 urls, producing 0 keys and 0 values 
15:04:35.432 [main] INFO  c.a.n.c.r.client - [printIfInfoEnabled,60] - [5e3f4b2f-05ef-474f-a333-8a4e1369c1ee_config-0] RpcClient init label, labels = {module=config, Vipserver-Tag=null, source=sdk, Amory-Tag=null, Location-Tag=null, taskId=0, AppName=unknown}
15:04:35.433 [main] INFO  c.a.n.c.r.client - [printIfInfoEnabled,60] - [5e3f4b2f-05ef-474f-a333-8a4e1369c1ee_config-0] Register server push request handler:com.alibaba.nacos.client.config.impl.ClientWorker$ConfigRpcTransportClient$$Lambda$336/50720817
15:04:35.433 [main] INFO  c.a.n.c.r.client - [printIfInfoEnabled,60] - [5e3f4b2f-05ef-474f-a333-8a4e1369c1ee_config-0] Register server push request handler:com.alibaba.nacos.client.config.impl.ClientWorker$ConfigRpcTransportClient$$Lambda$337/1496220730
15:04:35.433 [main] INFO  c.a.n.c.r.client - [printIfInfoEnabled,60] - [5e3f4b2f-05ef-474f-a333-8a4e1369c1ee_config-0] Registry connection listener to current client:com.alibaba.nacos.client.config.impl.ClientWorker$ConfigRpcTransportClient$1
15:04:35.434 [main] INFO  c.a.n.c.r.client - [printIfInfoEnabled,60] - [5e3f4b2f-05ef-474f-a333-8a4e1369c1ee_config-0] RpcClient init, ServerListFactory = com.alibaba.nacos.client.config.impl.ClientWorker$ConfigRpcTransportClient$2
15:04:35.438 [main] INFO  c.a.n.c.r.client - [printIfInfoEnabled,60] - [5e3f4b2f-05ef-474f-a333-8a4e1369c1ee_config-0] Try to connect to server on start up, server: {serverIp = '127.0.0.1', server main port = 8848}
15:04:37.132 [main] INFO  c.a.n.c.r.client - [printIfInfoEnabled,60] - [5e3f4b2f-05ef-474f-a333-8a4e1369c1ee_config-0] Success to connect to server [127.0.0.1:8848] on start up, connectionId = 1685775876868_127.0.0.1_11799
15:04:37.132 [com.alibaba.nacos.client.remote.worker] INFO  c.a.n.c.r.client - [printIfInfoEnabled,60] - [5e3f4b2f-05ef-474f-a333-8a4e1369c1ee_config-0] Notify connected event to listeners.
15:04:37.133 [main] INFO  c.a.n.c.r.client - [printIfInfoEnabled,60] - [5e3f4b2f-05ef-474f-a333-8a4e1369c1ee_config-0] Register server push request handler:com.alibaba.nacos.common.remote.client.RpcClient$ConnectResetRequestHandler
15:04:37.133 [main] INFO  c.a.n.c.r.client - [printIfInfoEnabled,60] - [5e3f4b2f-05ef-474f-a333-8a4e1369c1ee_config-0] Register server push request handler:com.alibaba.nacos.common.remote.client.RpcClient$$Lambda$345/704869156
15:04:37.237 [main] INFO  c.r.s.RuoYiSystemApplication - [logStartupProfileInfo,637] - The following 1 profile is active: "dev"
15:04:38.889 [main] INFO  o.a.c.h.Http11NioProtocol - [log,173] - Initializing ProtocolHandler ["http-nio-9201"]
15:04:38.890 [main] INFO  o.a.c.c.StandardService - [log,173] - Starting service [Tomcat]
15:04:38.890 [main] INFO  o.a.c.c.StandardEngine - [log,173] - Starting Servlet engine: [Apache Tomcat/9.0.70]
15:04:39.060 [main] INFO  o.a.c.c.C.[.[.[/] - [log,173] - Initializing Spring embedded WebApplicationContext
15:04:39.979 [main] INFO  c.a.d.p.DruidDataSource - [init,996] - {dataSource-1,master} inited
15:04:39.980 [main] INFO  c.b.d.d.DynamicRoutingDataSource - [addDataSource,154] - dynamic-datasource - add a datasource named [master] success
15:04:39.980 [main] INFO  c.b.d.d.DynamicRoutingDataSource - [afterPropertiesSet,234] - dynamic-datasource initial loaded [1] datasource,primary datasource named [master]
15:04:42.530 [main] INFO  c.a.c.s.SentinelWebMvcConfigurer - [addInterceptors,52] - [Sentinel Starter] register SentinelWebInterceptor with urlPatterns: [/**].
15:04:44.657 [main] INFO  c.a.n.c.r.client - [lambda$createClient$0,80] - [RpcClientFactory] create a new rpc client of 6b60f9ed-e6d8-4196-9d18-2a11064d6923
15:04:44.657 [main] INFO  c.a.n.c.r.client - [printIfInfoEnabled,60] - [6b60f9ed-e6d8-4196-9d18-2a11064d6923] RpcClient init label, labels = {module=naming, source=sdk}
15:04:44.658 [main] INFO  c.a.n.c.r.client - [printIfInfoEnabled,60] - [6b60f9ed-e6d8-4196-9d18-2a11064d6923] RpcClient init, ServerListFactory = com.alibaba.nacos.client.naming.core.ServerListManager
15:04:44.658 [main] INFO  c.a.n.c.r.client - [printIfInfoEnabled,60] - [6b60f9ed-e6d8-4196-9d18-2a11064d6923] Registry connection listener to current client:com.alibaba.nacos.client.naming.remote.gprc.redo.NamingGrpcRedoService
15:04:44.658 [main] INFO  c.a.n.c.r.client - [printIfInfoEnabled,60] - [6b60f9ed-e6d8-4196-9d18-2a11064d6923] Register server push request handler:com.alibaba.nacos.client.naming.remote.gprc.NamingPushRequestHandler
15:04:44.659 [main] INFO  c.a.n.c.r.client - [printIfInfoEnabled,60] - [6b60f9ed-e6d8-4196-9d18-2a11064d6923] Try to connect to server on start up, server: {serverIp = '127.0.0.1', server main port = 8848}
15:04:44.778 [main] INFO  c.a.n.c.r.client - [printIfInfoEnabled,60] - [6b60f9ed-e6d8-4196-9d18-2a11064d6923] Success to connect to server [127.0.0.1:8848] on start up, connectionId = 1685775884663_127.0.0.1_12068
15:04:44.778 [main] INFO  c.a.n.c.r.client - [printIfInfoEnabled,60] - [6b60f9ed-e6d8-4196-9d18-2a11064d6923] Register server push request handler:com.alibaba.nacos.common.remote.client.RpcClient$ConnectResetRequestHandler
15:04:44.778 [com.alibaba.nacos.client.remote.worker] INFO  c.a.n.c.r.client - [printIfInfoEnabled,60] - [6b60f9ed-e6d8-4196-9d18-2a11064d6923] Notify connected event to listeners.
15:04:44.778 [main] INFO  c.a.n.c.r.client - [printIfInfoEnabled,60] - [6b60f9ed-e6d8-4196-9d18-2a11064d6923] Register server push request handler:com.alibaba.nacos.common.remote.client.RpcClient$$Lambda$345/704869156
15:04:44.802 [main] INFO  o.a.c.h.Http11NioProtocol - [log,173] - Starting ProtocolHandler ["http-nio-9201"]
15:04:44.819 [main] INFO  c.a.c.n.r.NacosServiceRegistry - [register,75] - nacos registry, DEFAULT_GROUP ruoyi-system 192.168.31.242:9201 register finished
15:04:45.326 [nacos-grpc-client-executor-9] INFO  c.a.n.c.r.client - [printIfInfoEnabled,60] - [6b60f9ed-e6d8-4196-9d18-2a11064d6923] Receive server push request, request = NotifySubscriberRequest, requestId = 5
15:04:45.330 [nacos-grpc-client-executor-9] INFO  c.a.n.c.r.client - [printIfInfoEnabled,60] - [6b60f9ed-e6d8-4196-9d18-2a11064d6923] Ack server push request, request = NotifySubscriberRequest, requestId = 5
15:04:45.499 [main] INFO  c.r.s.RuoYiSystemApplication - [logStarted,61] - Started RuoYiSystemApplication in 11.94 seconds (JVM running for 16.025)
15:04:45.506 [main] INFO  c.a.c.n.r.NacosContextRefresher - [registerNacosListener,129] - [Nacos Config] Listening config: dataId=ruoyi-system, group=DEFAULT_GROUP
15:04:45.507 [main] INFO  c.a.c.n.r.NacosContextRefresher - [registerNacosListener,129] - [Nacos Config] Listening config: dataId=ruoyi-system.yml, group=DEFAULT_GROUP
15:04:45.507 [main] INFO  c.a.c.n.r.NacosContextRefresher - [registerNacosListener,129] - [Nacos Config] Listening config: dataId=ruoyi-system-dev.yml, group=DEFAULT_GROUP
15:04:46.405 [RMI TCP Connection(7)-192.168.211.1] INFO  o.a.c.c.C.[.[.[/] - [log,173] - Initializing Spring DispatcherServlet 'dispatcherServlet'
22:45:57.661 [SpringApplicationShutdownHook] INFO  c.a.c.n.r.NacosServiceRegistry - [deregister,94] - De-registering from Nacos Server now...
22:45:57.663 [SpringApplicationShutdownHook] INFO  c.a.c.n.r.NacosServiceRegistry - [deregister,114] - De-registration finished.
22:45:57.989 [SpringApplicationShutdownHook] INFO  c.a.n.c.r.client - [shutdown,454] - Shutdown rpc client, set status to shutdown
22:45:57.990 [SpringApplicationShutdownHook] INFO  c.a.n.c.r.client - [shutdown,456] - Shutdown client event executor java.util.concurrent.ScheduledThreadPoolExecutor@6ac5ed2b[Running, pool size = 2, active threads = 2, queued tasks = 0, completed tasks = 0]
22:45:57.990 [SpringApplicationShutdownHook] INFO  c.a.n.c.r.client - [closeConnection,591] - Close current connection 1685775884663_127.0.0.1_12068
22:45:57.991 [nacos-grpc-client-executor-5547] INFO  c.a.n.c.r.c.g.GrpcClient - [printIfInfoEnabled,60] - [1685775884663_127.0.0.1_12068]Ignore complete event,isRunning:false,isAbandon=false
22:45:57.996 [SpringApplicationShutdownHook] INFO  c.a.n.c.r.c.g.GrpcClient - [shutdown,85] - Shutdown grpc executor java.util.concurrent.ThreadPoolExecutor@1bd4376f[Running, pool size = 5, active threads = 0, queued tasks = 0, completed tasks = 5548]
22:45:58.136 [SpringApplicationShutdownHook] INFO  c.b.d.d.DynamicRoutingDataSource - [destroy,211] - dynamic-datasource start closing ....
22:45:58.140 [SpringApplicationShutdownHook] INFO  c.a.d.p.DruidDataSource - [close,2138] - {dataSource-1} closing ...
22:45:58.143 [SpringApplicationShutdownHook] INFO  c.a.d.p.DruidDataSource - [close,2211] - {dataSource-1} closed
22:45:58.143 [SpringApplicationShutdownHook] INFO  c.b.d.d.DynamicRoutingDataSource - [destroy,215] - dynamic-datasource all closed success,bye
