15:01:54.093 [background-preinit] INFO  o.h.v.i.util.Version - [<clinit>,21] - HV000001: Hibernate Validator 6.2.5.Final
15:01:54.768 [main] INFO  c.a.n.c.r.client - [lambda$createClient$0,80] - [RpcClientFactory] create a new rpc client of 0d7c09b5-d6f4-45d0-9d03-bb885f1efdbc_config-0
15:01:54.804 [main] INFO  o.r.Reflections - [scan,232] - Reflections took 24 ms to scan 1 urls, producing 3 keys and 6 values 
15:01:54.829 [main] INFO  o.r.Reflections - [scan,232] - Reflections took 12 ms to scan 1 urls, producing 4 keys and 9 values 
15:01:54.842 [main] INFO  o.r.Reflections - [scan,232] - Reflections took 11 ms to scan 1 urls, producing 3 keys and 10 values 
15:01:55.020 [main] INFO  o.r.Reflections - [scan,232] - Reflections took 175 ms to scan 199 urls, producing 0 keys and 0 values 
15:01:55.031 [main] INFO  o.r.Reflections - [scan,232] - Reflections took 10 ms to scan 1 urls, producing 1 keys and 5 values 
15:01:55.042 [main] INFO  o.r.Reflections - [scan,232] - Reflections took 9 ms to scan 1 urls, producing 1 keys and 7 values 
15:01:55.055 [main] INFO  o.r.Reflections - [scan,232] - Reflections took 11 ms to scan 1 urls, producing 2 keys and 8 values 
15:01:55.180 [main] INFO  o.r.Reflections - [scan,232] - Reflections took 124 ms to scan 199 urls, producing 0 keys and 0 values 
15:01:55.180 [main] INFO  c.a.n.c.r.client - [printIfInfoEnabled,60] - [0d7c09b5-d6f4-45d0-9d03-bb885f1efdbc_config-0] RpcClient init label, labels = {module=config, Vipserver-Tag=null, source=sdk, Amory-Tag=null, Location-Tag=null, taskId=0, AppName=unknown}
15:01:55.181 [main] INFO  c.a.n.c.r.client - [printIfInfoEnabled,60] - [0d7c09b5-d6f4-45d0-9d03-bb885f1efdbc_config-0] Register server push request handler:com.alibaba.nacos.client.config.impl.ClientWorker$ConfigRpcTransportClient$$Lambda$336/635288507
15:01:55.181 [main] INFO  c.a.n.c.r.client - [printIfInfoEnabled,60] - [0d7c09b5-d6f4-45d0-9d03-bb885f1efdbc_config-0] Register server push request handler:com.alibaba.nacos.client.config.impl.ClientWorker$ConfigRpcTransportClient$$Lambda$337/355885103
15:01:55.181 [main] INFO  c.a.n.c.r.client - [printIfInfoEnabled,60] - [0d7c09b5-d6f4-45d0-9d03-bb885f1efdbc_config-0] Registry connection listener to current client:com.alibaba.nacos.client.config.impl.ClientWorker$ConfigRpcTransportClient$1
15:01:55.182 [main] INFO  c.a.n.c.r.client - [printIfInfoEnabled,60] - [0d7c09b5-d6f4-45d0-9d03-bb885f1efdbc_config-0] RpcClient init, ServerListFactory = com.alibaba.nacos.client.config.impl.ClientWorker$ConfigRpcTransportClient$2
15:01:55.187 [main] INFO  c.a.n.c.r.client - [printIfInfoEnabled,60] - [0d7c09b5-d6f4-45d0-9d03-bb885f1efdbc_config-0] Try to connect to server on start up, server: {serverIp = '127.0.0.1', server main port = 8848}
15:01:56.761 [main] INFO  c.a.n.c.r.client - [printIfInfoEnabled,60] - [0d7c09b5-d6f4-45d0-9d03-bb885f1efdbc_config-0] Success to connect to server [127.0.0.1:8848] on start up, connectionId = 1693206116499_127.0.0.1_1565
15:01:56.761 [com.alibaba.nacos.client.remote.worker] INFO  c.a.n.c.r.client - [printIfInfoEnabled,60] - [0d7c09b5-d6f4-45d0-9d03-bb885f1efdbc_config-0] Notify connected event to listeners.
15:01:56.762 [main] INFO  c.a.n.c.r.client - [printIfInfoEnabled,60] - [0d7c09b5-d6f4-45d0-9d03-bb885f1efdbc_config-0] Register server push request handler:com.alibaba.nacos.common.remote.client.RpcClient$ConnectResetRequestHandler
15:01:56.762 [main] INFO  c.a.n.c.r.client - [printIfInfoEnabled,60] - [0d7c09b5-d6f4-45d0-9d03-bb885f1efdbc_config-0] Register server push request handler:com.alibaba.nacos.common.remote.client.RpcClient$$Lambda$345/1366212088
15:01:56.831 [main] INFO  c.r.s.RuoYiSystemApplication - [logStartupProfileInfo,637] - The following 1 profile is active: "dev"
15:01:58.449 [main] INFO  o.a.c.h.Http11NioProtocol - [log,173] - Initializing ProtocolHandler ["http-nio-9201"]
15:01:58.450 [main] INFO  o.a.c.c.StandardService - [log,173] - Starting service [Tomcat]
15:01:58.450 [main] INFO  o.a.c.c.StandardEngine - [log,173] - Starting Servlet engine: [Apache Tomcat/9.0.70]
15:01:58.571 [main] INFO  o.a.c.c.C.[.[.[/] - [log,173] - Initializing Spring embedded WebApplicationContext
15:02:00.574 [main] INFO  c.a.d.p.DruidDataSource - [init,996] - {dataSource-1,master} inited
15:02:00.574 [main] INFO  c.b.d.d.DynamicRoutingDataSource - [addDataSource,154] - dynamic-datasource - add a datasource named [master] success
15:02:00.575 [main] INFO  c.b.d.d.DynamicRoutingDataSource - [afterPropertiesSet,234] - dynamic-datasource initial loaded [1] datasource,primary datasource named [master]
15:02:02.756 [main] INFO  c.a.c.s.SentinelWebMvcConfigurer - [addInterceptors,52] - [Sentinel Starter] register SentinelWebInterceptor with urlPatterns: [/**].
15:02:04.373 [main] INFO  c.a.n.c.r.client - [lambda$createClient$0,80] - [RpcClientFactory] create a new rpc client of 78a2f5f7-87d7-4715-a7c2-17118ae77079
15:02:04.373 [main] INFO  c.a.n.c.r.client - [printIfInfoEnabled,60] - [78a2f5f7-87d7-4715-a7c2-17118ae77079] RpcClient init label, labels = {module=naming, source=sdk}
15:02:04.374 [main] INFO  c.a.n.c.r.client - [printIfInfoEnabled,60] - [78a2f5f7-87d7-4715-a7c2-17118ae77079] RpcClient init, ServerListFactory = com.alibaba.nacos.client.naming.core.ServerListManager
15:02:04.374 [main] INFO  c.a.n.c.r.client - [printIfInfoEnabled,60] - [78a2f5f7-87d7-4715-a7c2-17118ae77079] Registry connection listener to current client:com.alibaba.nacos.client.naming.remote.gprc.redo.NamingGrpcRedoService
15:02:04.374 [main] INFO  c.a.n.c.r.client - [printIfInfoEnabled,60] - [78a2f5f7-87d7-4715-a7c2-17118ae77079] Register server push request handler:com.alibaba.nacos.client.naming.remote.gprc.NamingPushRequestHandler
15:02:04.375 [main] INFO  c.a.n.c.r.client - [printIfInfoEnabled,60] - [78a2f5f7-87d7-4715-a7c2-17118ae77079] Try to connect to server on start up, server: {serverIp = '127.0.0.1', server main port = 8848}
15:02:04.496 [main] INFO  c.a.n.c.r.client - [printIfInfoEnabled,60] - [78a2f5f7-87d7-4715-a7c2-17118ae77079] Success to connect to server [127.0.0.1:8848] on start up, connectionId = 1693206124378_127.0.0.1_1766
15:02:04.496 [main] INFO  c.a.n.c.r.client - [printIfInfoEnabled,60] - [78a2f5f7-87d7-4715-a7c2-17118ae77079] Register server push request handler:com.alibaba.nacos.common.remote.client.RpcClient$ConnectResetRequestHandler
15:02:04.496 [com.alibaba.nacos.client.remote.worker] INFO  c.a.n.c.r.client - [printIfInfoEnabled,60] - [78a2f5f7-87d7-4715-a7c2-17118ae77079] Notify connected event to listeners.
15:02:04.496 [main] INFO  c.a.n.c.r.client - [printIfInfoEnabled,60] - [78a2f5f7-87d7-4715-a7c2-17118ae77079] Register server push request handler:com.alibaba.nacos.common.remote.client.RpcClient$$Lambda$345/1366212088
15:02:04.518 [main] INFO  o.a.c.h.Http11NioProtocol - [log,173] - Starting ProtocolHandler ["http-nio-9201"]
15:02:04.534 [main] INFO  c.a.c.n.r.NacosServiceRegistry - [register,75] - nacos registry, DEFAULT_GROUP ruoyi-system 10.37.55.219:9201 register finished
15:02:05.098 [nacos-grpc-client-executor-8] INFO  c.a.n.c.r.client - [printIfInfoEnabled,60] - [78a2f5f7-87d7-4715-a7c2-17118ae77079] Receive server push request, request = NotifySubscriberRequest, requestId = 5
15:02:05.102 [nacos-grpc-client-executor-8] INFO  c.a.n.c.r.client - [printIfInfoEnabled,60] - [78a2f5f7-87d7-4715-a7c2-17118ae77079] Ack server push request, request = NotifySubscriberRequest, requestId = 5
15:02:05.165 [main] INFO  c.r.s.RuoYiSystemApplication - [logStarted,61] - Started RuoYiSystemApplication in 11.807 seconds (JVM running for 12.596)
15:02:05.173 [main] INFO  c.a.c.n.r.NacosContextRefresher - [registerNacosListener,129] - [Nacos Config] Listening config: dataId=ruoyi-system, group=DEFAULT_GROUP
15:02:05.173 [main] INFO  c.a.c.n.r.NacosContextRefresher - [registerNacosListener,129] - [Nacos Config] Listening config: dataId=ruoyi-system.yml, group=DEFAULT_GROUP
15:02:05.174 [main] INFO  c.a.c.n.r.NacosContextRefresher - [registerNacosListener,129] - [Nacos Config] Listening config: dataId=ruoyi-system-dev.yml, group=DEFAULT_GROUP
15:02:06.101 [RMI TCP Connection(6)-192.168.211.1] INFO  o.a.c.c.C.[.[.[/] - [log,173] - Initializing Spring DispatcherServlet 'dispatcherServlet'
16:15:09.956 [SpringApplicationShutdownHook] INFO  c.a.c.n.r.NacosServiceRegistry - [deregister,94] - De-registering from Nacos Server now...
16:15:09.958 [SpringApplicationShutdownHook] INFO  c.a.c.n.r.NacosServiceRegistry - [deregister,114] - De-registration finished.
16:15:10.294 [SpringApplicationShutdownHook] INFO  c.a.n.c.r.client - [shutdown,454] - Shutdown rpc client, set status to shutdown
16:15:10.295 [SpringApplicationShutdownHook] INFO  c.a.n.c.r.client - [shutdown,456] - Shutdown client event executor java.util.concurrent.ScheduledThreadPoolExecutor@2029ca77[Running, pool size = 2, active threads = 2, queued tasks = 0, completed tasks = 0]
16:15:10.295 [SpringApplicationShutdownHook] INFO  c.a.n.c.r.client - [closeConnection,591] - Close current connection 1693206124378_127.0.0.1_1766
16:15:10.296 [nacos-grpc-client-executor-893] INFO  c.a.n.c.r.c.g.GrpcClient - [printIfInfoEnabled,60] - [1693206124378_127.0.0.1_1766]Ignore complete event,isRunning:false,isAbandon=false
16:15:10.299 [SpringApplicationShutdownHook] INFO  c.a.n.c.r.c.g.GrpcClient - [shutdown,85] - Shutdown grpc executor java.util.concurrent.ThreadPoolExecutor@2f51745[Running, pool size = 5, active threads = 0, queued tasks = 0, completed tasks = 894]
16:15:10.441 [SpringApplicationShutdownHook] INFO  c.b.d.d.DynamicRoutingDataSource - [destroy,211] - dynamic-datasource start closing ....
16:15:10.444 [SpringApplicationShutdownHook] INFO  c.a.d.p.DruidDataSource - [close,2138] - {dataSource-1} closing ...
16:15:10.635 [SpringApplicationShutdownHook] INFO  c.a.d.p.DruidDataSource - [close,2211] - {dataSource-1} closed
16:15:10.635 [SpringApplicationShutdownHook] INFO  c.b.d.d.DynamicRoutingDataSource - [destroy,215] - dynamic-datasource all closed success,bye
