17:38:26.732 [background-preinit] INFO  o.h.v.i.util.Version - [<clinit>,21] - HV000001: Hibernate Validator 6.2.5.Final
17:38:27.326 [main] INFO  c.a.n.c.r.client - [lambda$createClient$0,80] - [RpcClientFactory] create a new rpc client of 191d4b46-e232-4f5b-919e-b07e63ee6e27_config-0
17:38:27.361 [main] INFO  o.r.Reflections - [scan,232] - Reflections took 19 ms to scan 1 urls, producing 3 keys and 6 values 
17:38:27.382 [main] INFO  o.r.Reflections - [scan,232] - Reflections took 10 ms to scan 1 urls, producing 4 keys and 9 values 
17:38:27.392 [main] INFO  o.r.Reflections - [scan,232] - Reflections took 9 ms to scan 1 urls, producing 3 keys and 10 values 
17:38:27.535 [main] INFO  o.r.Reflections - [scan,232] - Reflections took 141 ms to scan 195 urls, producing 0 keys and 0 values 
17:38:27.543 [main] INFO  o.r.Reflections - [scan,232] - Reflections took 8 ms to scan 1 urls, producing 1 keys and 5 values 
17:38:27.552 [main] INFO  o.r.Reflections - [scan,232] - Reflections took 8 ms to scan 1 urls, producing 1 keys and 7 values 
17:38:27.560 [main] INFO  o.r.Reflections - [scan,232] - Reflections took 6 ms to scan 1 urls, producing 2 keys and 8 values 
17:38:27.663 [main] INFO  o.r.Reflections - [scan,232] - Reflections took 101 ms to scan 195 urls, producing 0 keys and 0 values 
17:38:27.664 [main] INFO  c.a.n.c.r.client - [printIfInfoEnabled,60] - [191d4b46-e232-4f5b-919e-b07e63ee6e27_config-0] RpcClient init label, labels = {module=config, Vipserver-Tag=null, source=sdk, Amory-Tag=null, Location-Tag=null, taskId=0, AppName=unknown}
17:38:27.665 [main] INFO  c.a.n.c.r.client - [printIfInfoEnabled,60] - [191d4b46-e232-4f5b-919e-b07e63ee6e27_config-0] Register server push request handler:com.alibaba.nacos.client.config.impl.ClientWorker$ConfigRpcTransportClient$$Lambda$336/2083854344
17:38:27.665 [main] INFO  c.a.n.c.r.client - [printIfInfoEnabled,60] - [191d4b46-e232-4f5b-919e-b07e63ee6e27_config-0] Register server push request handler:com.alibaba.nacos.client.config.impl.ClientWorker$ConfigRpcTransportClient$$Lambda$337/403598020
17:38:27.665 [main] INFO  c.a.n.c.r.client - [printIfInfoEnabled,60] - [191d4b46-e232-4f5b-919e-b07e63ee6e27_config-0] Registry connection listener to current client:com.alibaba.nacos.client.config.impl.ClientWorker$ConfigRpcTransportClient$1
17:38:27.666 [main] INFO  c.a.n.c.r.client - [printIfInfoEnabled,60] - [191d4b46-e232-4f5b-919e-b07e63ee6e27_config-0] RpcClient init, ServerListFactory = com.alibaba.nacos.client.config.impl.ClientWorker$ConfigRpcTransportClient$2
17:38:27.671 [main] INFO  c.a.n.c.r.client - [printIfInfoEnabled,60] - [191d4b46-e232-4f5b-919e-b07e63ee6e27_config-0] Try to connect to server on start up, server: {serverIp = '127.0.0.1', server main port = 8848}
17:38:28.921 [main] INFO  c.a.n.c.r.client - [printIfInfoEnabled,60] - [191d4b46-e232-4f5b-919e-b07e63ee6e27_config-0] Success to connect to server [127.0.0.1:8848] on start up, connectionId = 1684057108676_127.0.0.1_4139
17:38:28.921 [com.alibaba.nacos.client.remote.worker] INFO  c.a.n.c.r.client - [printIfInfoEnabled,60] - [191d4b46-e232-4f5b-919e-b07e63ee6e27_config-0] Notify connected event to listeners.
17:38:28.922 [main] INFO  c.a.n.c.r.client - [printIfInfoEnabled,60] - [191d4b46-e232-4f5b-919e-b07e63ee6e27_config-0] Register server push request handler:com.alibaba.nacos.common.remote.client.RpcClient$ConnectResetRequestHandler
17:38:28.922 [main] INFO  c.a.n.c.r.client - [printIfInfoEnabled,60] - [191d4b46-e232-4f5b-919e-b07e63ee6e27_config-0] Register server push request handler:com.alibaba.nacos.common.remote.client.RpcClient$$Lambda$345/399149970
17:38:28.985 [main] INFO  c.r.g.RuoYiGenApplication - [logStartupProfileInfo,637] - The following 1 profile is active: "dev"
17:38:30.436 [main] INFO  o.a.c.h.Http11NioProtocol - [log,173] - Initializing ProtocolHandler ["http-nio-9202"]
17:38:30.437 [main] INFO  o.a.c.c.StandardService - [log,173] - Starting service [Tomcat]
17:38:30.437 [main] INFO  o.a.c.c.StandardEngine - [log,173] - Starting Servlet engine: [Apache Tomcat/9.0.70]
17:38:30.583 [main] INFO  o.a.c.c.C.[.[.[/] - [log,173] - Initializing Spring embedded WebApplicationContext
17:38:31.505 [main] INFO  c.a.c.s.SentinelWebMvcConfigurer - [addInterceptors,52] - [Sentinel Starter] register SentinelWebInterceptor with urlPatterns: [/**].
17:38:33.365 [main] INFO  c.a.n.c.r.client - [lambda$createClient$0,80] - [RpcClientFactory] create a new rpc client of d1b3ecdc-0edd-46c2-b186-9f429168b63b
17:38:33.365 [main] INFO  c.a.n.c.r.client - [printIfInfoEnabled,60] - [d1b3ecdc-0edd-46c2-b186-9f429168b63b] RpcClient init label, labels = {module=naming, source=sdk}
17:38:33.367 [main] INFO  c.a.n.c.r.client - [printIfInfoEnabled,60] - [d1b3ecdc-0edd-46c2-b186-9f429168b63b] RpcClient init, ServerListFactory = com.alibaba.nacos.client.naming.core.ServerListManager
17:38:33.368 [main] INFO  c.a.n.c.r.client - [printIfInfoEnabled,60] - [d1b3ecdc-0edd-46c2-b186-9f429168b63b] Registry connection listener to current client:com.alibaba.nacos.client.naming.remote.gprc.redo.NamingGrpcRedoService
17:38:33.368 [main] INFO  c.a.n.c.r.client - [printIfInfoEnabled,60] - [d1b3ecdc-0edd-46c2-b186-9f429168b63b] Register server push request handler:com.alibaba.nacos.client.naming.remote.gprc.NamingPushRequestHandler
17:38:33.368 [main] INFO  c.a.n.c.r.client - [printIfInfoEnabled,60] - [d1b3ecdc-0edd-46c2-b186-9f429168b63b] Try to connect to server on start up, server: {serverIp = '127.0.0.1', server main port = 8848}
17:38:33.489 [main] INFO  c.a.n.c.r.client - [printIfInfoEnabled,60] - [d1b3ecdc-0edd-46c2-b186-9f429168b63b] Success to connect to server [127.0.0.1:8848] on start up, connectionId = 1684057113372_127.0.0.1_4149
17:38:33.489 [main] INFO  c.a.n.c.r.client - [printIfInfoEnabled,60] - [d1b3ecdc-0edd-46c2-b186-9f429168b63b] Register server push request handler:com.alibaba.nacos.common.remote.client.RpcClient$ConnectResetRequestHandler
17:38:33.489 [main] INFO  c.a.n.c.r.client - [printIfInfoEnabled,60] - [d1b3ecdc-0edd-46c2-b186-9f429168b63b] Register server push request handler:com.alibaba.nacos.common.remote.client.RpcClient$$Lambda$345/399149970
17:38:33.490 [com.alibaba.nacos.client.remote.worker] INFO  c.a.n.c.r.client - [printIfInfoEnabled,60] - [d1b3ecdc-0edd-46c2-b186-9f429168b63b] Notify connected event to listeners.
17:38:33.511 [main] INFO  o.a.c.h.Http11NioProtocol - [log,173] - Starting ProtocolHandler ["http-nio-9202"]
17:38:33.528 [main] INFO  c.a.c.n.r.NacosServiceRegistry - [register,75] - nacos registry, DEFAULT_GROUP ruoyi-gen 10.37.50.144:9202 register finished
17:38:34.002 [main] INFO  c.r.g.RuoYiGenApplication - [logStarted,61] - Started RuoYiGenApplication in 7.87 seconds (JVM running for 12.693)
17:38:34.009 [main] INFO  c.a.c.n.r.NacosContextRefresher - [registerNacosListener,129] - [Nacos Config] Listening config: dataId=ruoyi-gen, group=DEFAULT_GROUP
17:38:34.010 [main] INFO  c.a.c.n.r.NacosContextRefresher - [registerNacosListener,129] - [Nacos Config] Listening config: dataId=ruoyi-gen-dev.yml, group=DEFAULT_GROUP
17:38:34.010 [main] INFO  c.a.c.n.r.NacosContextRefresher - [registerNacosListener,129] - [Nacos Config] Listening config: dataId=ruoyi-gen.yml, group=DEFAULT_GROUP
17:38:34.073 [nacos-grpc-client-executor-6] INFO  c.a.n.c.r.client - [printIfInfoEnabled,60] - [d1b3ecdc-0edd-46c2-b186-9f429168b63b] Receive server push request, request = NotifySubscriberRequest, requestId = 92
17:38:34.078 [nacos-grpc-client-executor-6] INFO  c.a.n.c.r.client - [printIfInfoEnabled,60] - [d1b3ecdc-0edd-46c2-b186-9f429168b63b] Ack server push request, request = NotifySubscriberRequest, requestId = 92
17:38:34.592 [RMI TCP Connection(2)-192.168.211.1] INFO  o.a.c.c.C.[.[.[/] - [log,173] - Initializing Spring DispatcherServlet 'dispatcherServlet'
17:38:34.609 [RMI TCP Connection(1)-192.168.211.1] INFO  c.z.h.HikariDataSource - [getConnection,110] - HikariPool-1 - Starting...
17:38:59.067 [http-nio-9202-exec-1] INFO  c.z.h.HikariDataSource - [getConnection,110] - HikariPool-1 - Starting...
17:39:33.711 [nacos-grpc-client-executor-25] INFO  c.a.n.c.r.client - [printIfInfoEnabled,60] - [191d4b46-e232-4f5b-919e-b07e63ee6e27_config-0] Receive server push request, request = ConfigChangeNotifyRequest, requestId = 94
17:39:33.712 [nacos-grpc-client-executor-25] INFO  c.a.n.c.r.client - [printIfInfoEnabled,60] - [191d4b46-e232-4f5b-919e-b07e63ee6e27_config-0] Ack server push request, request = ConfigChangeNotifyRequest, requestId = 94
17:39:37.441 [SpringApplicationShutdownHook] INFO  c.a.c.n.r.NacosServiceRegistry - [deregister,94] - De-registering from Nacos Server now...
17:39:37.444 [SpringApplicationShutdownHook] INFO  c.a.c.n.r.NacosServiceRegistry - [deregister,114] - De-registration finished.
17:39:37.778 [SpringApplicationShutdownHook] INFO  c.a.n.c.r.client - [shutdown,454] - Shutdown rpc client, set status to shutdown
17:39:37.778 [SpringApplicationShutdownHook] INFO  c.a.n.c.r.client - [shutdown,456] - Shutdown client event executor java.util.concurrent.ScheduledThreadPoolExecutor@3045df4b[Running, pool size = 2, active threads = 2, queued tasks = 0, completed tasks = 0]
17:39:37.778 [SpringApplicationShutdownHook] INFO  c.a.n.c.r.client - [closeConnection,591] - Close current connection 1684057113372_127.0.0.1_4149
17:39:37.779 [nacos-grpc-client-executor-24] INFO  c.a.n.c.r.c.g.GrpcClient - [printIfInfoEnabled,60] - [1684057113372_127.0.0.1_4149]Ignore complete event,isRunning:false,isAbandon=false
17:39:37.781 [SpringApplicationShutdownHook] INFO  c.a.n.c.r.c.g.GrpcClient - [shutdown,85] - Shutdown grpc executor java.util.concurrent.ThreadPoolExecutor@2e700cfd[Running, pool size = 7, active threads = 0, queued tasks = 0, completed tasks = 25]
17:39:42.136 [background-preinit] INFO  o.h.v.i.util.Version - [<clinit>,21] - HV000001: Hibernate Validator 6.2.5.Final
17:39:42.687 [main] INFO  c.a.n.c.r.client - [lambda$createClient$0,80] - [RpcClientFactory] create a new rpc client of 79ba7f7b-5c45-4ef6-ba7c-b6cc4352e8e3_config-0
17:39:42.717 [main] INFO  o.r.Reflections - [scan,232] - Reflections took 19 ms to scan 1 urls, producing 3 keys and 6 values 
17:39:42.735 [main] INFO  o.r.Reflections - [scan,232] - Reflections took 10 ms to scan 1 urls, producing 4 keys and 9 values 
17:39:42.746 [main] INFO  o.r.Reflections - [scan,232] - Reflections took 9 ms to scan 1 urls, producing 3 keys and 10 values 
17:39:42.878 [main] INFO  o.r.Reflections - [scan,232] - Reflections took 130 ms to scan 195 urls, producing 0 keys and 0 values 
17:39:42.887 [main] INFO  o.r.Reflections - [scan,232] - Reflections took 7 ms to scan 1 urls, producing 1 keys and 5 values 
17:39:42.896 [main] INFO  o.r.Reflections - [scan,232] - Reflections took 8 ms to scan 1 urls, producing 1 keys and 7 values 
17:39:42.906 [main] INFO  o.r.Reflections - [scan,232] - Reflections took 9 ms to scan 1 urls, producing 2 keys and 8 values 
17:39:43.026 [main] INFO  o.r.Reflections - [scan,232] - Reflections took 118 ms to scan 195 urls, producing 0 keys and 0 values 
17:39:43.027 [main] INFO  c.a.n.c.r.client - [printIfInfoEnabled,60] - [79ba7f7b-5c45-4ef6-ba7c-b6cc4352e8e3_config-0] RpcClient init label, labels = {module=config, Vipserver-Tag=null, source=sdk, Amory-Tag=null, Location-Tag=null, taskId=0, AppName=unknown}
17:39:43.027 [main] INFO  c.a.n.c.r.client - [printIfInfoEnabled,60] - [79ba7f7b-5c45-4ef6-ba7c-b6cc4352e8e3_config-0] Register server push request handler:com.alibaba.nacos.client.config.impl.ClientWorker$ConfigRpcTransportClient$$Lambda$336/224060798
17:39:43.028 [main] INFO  c.a.n.c.r.client - [printIfInfoEnabled,60] - [79ba7f7b-5c45-4ef6-ba7c-b6cc4352e8e3_config-0] Register server push request handler:com.alibaba.nacos.client.config.impl.ClientWorker$ConfigRpcTransportClient$$Lambda$337/1752535057
17:39:43.028 [main] INFO  c.a.n.c.r.client - [printIfInfoEnabled,60] - [79ba7f7b-5c45-4ef6-ba7c-b6cc4352e8e3_config-0] Registry connection listener to current client:com.alibaba.nacos.client.config.impl.ClientWorker$ConfigRpcTransportClient$1
17:39:43.028 [main] INFO  c.a.n.c.r.client - [printIfInfoEnabled,60] - [79ba7f7b-5c45-4ef6-ba7c-b6cc4352e8e3_config-0] RpcClient init, ServerListFactory = com.alibaba.nacos.client.config.impl.ClientWorker$ConfigRpcTransportClient$2
17:39:43.033 [main] INFO  c.a.n.c.r.client - [printIfInfoEnabled,60] - [79ba7f7b-5c45-4ef6-ba7c-b6cc4352e8e3_config-0] Try to connect to server on start up, server: {serverIp = '127.0.0.1', server main port = 8848}
17:39:44.144 [main] INFO  c.a.n.c.r.client - [printIfInfoEnabled,60] - [79ba7f7b-5c45-4ef6-ba7c-b6cc4352e8e3_config-0] Success to connect to server [127.0.0.1:8848] on start up, connectionId = 1684057183925_127.0.0.1_4508
17:39:44.144 [com.alibaba.nacos.client.remote.worker] INFO  c.a.n.c.r.client - [printIfInfoEnabled,60] - [79ba7f7b-5c45-4ef6-ba7c-b6cc4352e8e3_config-0] Notify connected event to listeners.
17:39:44.145 [main] INFO  c.a.n.c.r.client - [printIfInfoEnabled,60] - [79ba7f7b-5c45-4ef6-ba7c-b6cc4352e8e3_config-0] Register server push request handler:com.alibaba.nacos.common.remote.client.RpcClient$ConnectResetRequestHandler
17:39:44.145 [main] INFO  c.a.n.c.r.client - [printIfInfoEnabled,60] - [79ba7f7b-5c45-4ef6-ba7c-b6cc4352e8e3_config-0] Register server push request handler:com.alibaba.nacos.common.remote.client.RpcClient$$Lambda$345/1538462491
17:39:44.190 [main] INFO  c.r.g.RuoYiGenApplication - [logStartupProfileInfo,637] - The following 1 profile is active: "dev"
17:39:45.449 [main] INFO  o.a.c.h.Http11NioProtocol - [log,173] - Initializing ProtocolHandler ["http-nio-9202"]
17:39:45.449 [main] INFO  o.a.c.c.StandardService - [log,173] - Starting service [Tomcat]
17:39:45.449 [main] INFO  o.a.c.c.StandardEngine - [log,173] - Starting Servlet engine: [Apache Tomcat/9.0.70]
17:39:45.578 [main] INFO  o.a.c.c.C.[.[.[/] - [log,173] - Initializing Spring embedded WebApplicationContext
17:39:46.216 [main] INFO  c.a.c.s.SentinelWebMvcConfigurer - [addInterceptors,52] - [Sentinel Starter] register SentinelWebInterceptor with urlPatterns: [/**].
17:39:47.999 [main] INFO  c.a.n.c.r.client - [lambda$createClient$0,80] - [RpcClientFactory] create a new rpc client of 83d0b0f7-894c-488a-97ad-b2c869958a4f
17:39:47.999 [main] INFO  c.a.n.c.r.client - [printIfInfoEnabled,60] - [83d0b0f7-894c-488a-97ad-b2c869958a4f] RpcClient init label, labels = {module=naming, source=sdk}
17:39:48.000 [main] INFO  c.a.n.c.r.client - [printIfInfoEnabled,60] - [83d0b0f7-894c-488a-97ad-b2c869958a4f] RpcClient init, ServerListFactory = com.alibaba.nacos.client.naming.core.ServerListManager
17:39:48.000 [main] INFO  c.a.n.c.r.client - [printIfInfoEnabled,60] - [83d0b0f7-894c-488a-97ad-b2c869958a4f] Registry connection listener to current client:com.alibaba.nacos.client.naming.remote.gprc.redo.NamingGrpcRedoService
17:39:48.000 [main] INFO  c.a.n.c.r.client - [printIfInfoEnabled,60] - [83d0b0f7-894c-488a-97ad-b2c869958a4f] Register server push request handler:com.alibaba.nacos.client.naming.remote.gprc.NamingPushRequestHandler
17:39:48.000 [main] INFO  c.a.n.c.r.client - [printIfInfoEnabled,60] - [83d0b0f7-894c-488a-97ad-b2c869958a4f] Try to connect to server on start up, server: {serverIp = '127.0.0.1', server main port = 8848}
17:39:48.111 [main] INFO  c.a.n.c.r.client - [printIfInfoEnabled,60] - [83d0b0f7-894c-488a-97ad-b2c869958a4f] Success to connect to server [127.0.0.1:8848] on start up, connectionId = 1684057188004_127.0.0.1_4509
17:39:48.111 [com.alibaba.nacos.client.remote.worker] INFO  c.a.n.c.r.client - [printIfInfoEnabled,60] - [83d0b0f7-894c-488a-97ad-b2c869958a4f] Notify connected event to listeners.
17:39:48.113 [main] INFO  c.a.n.c.r.client - [printIfInfoEnabled,60] - [83d0b0f7-894c-488a-97ad-b2c869958a4f] Register server push request handler:com.alibaba.nacos.common.remote.client.RpcClient$ConnectResetRequestHandler
17:39:48.113 [main] INFO  c.a.n.c.r.client - [printIfInfoEnabled,60] - [83d0b0f7-894c-488a-97ad-b2c869958a4f] Register server push request handler:com.alibaba.nacos.common.remote.client.RpcClient$$Lambda$345/1538462491
17:39:48.131 [main] INFO  o.a.c.h.Http11NioProtocol - [log,173] - Starting ProtocolHandler ["http-nio-9202"]
17:39:48.147 [main] INFO  c.a.c.n.r.NacosServiceRegistry - [register,75] - nacos registry, DEFAULT_GROUP ruoyi-gen 10.37.50.144:9202 register finished
17:39:48.599 [main] INFO  c.r.g.RuoYiGenApplication - [logStarted,61] - Started RuoYiGenApplication in 7.034 seconds (JVM running for 7.797)
17:39:48.605 [main] INFO  c.a.c.n.r.NacosContextRefresher - [registerNacosListener,129] - [Nacos Config] Listening config: dataId=ruoyi-gen, group=DEFAULT_GROUP
17:39:48.606 [main] INFO  c.a.c.n.r.NacosContextRefresher - [registerNacosListener,129] - [Nacos Config] Listening config: dataId=ruoyi-gen-dev.yml, group=DEFAULT_GROUP
17:39:48.606 [main] INFO  c.a.c.n.r.NacosContextRefresher - [registerNacosListener,129] - [Nacos Config] Listening config: dataId=ruoyi-gen.yml, group=DEFAULT_GROUP
17:39:48.680 [nacos-grpc-client-executor-6] INFO  c.a.n.c.r.client - [printIfInfoEnabled,60] - [83d0b0f7-894c-488a-97ad-b2c869958a4f] Receive server push request, request = NotifySubscriberRequest, requestId = 96
17:39:48.683 [nacos-grpc-client-executor-6] INFO  c.a.n.c.r.client - [printIfInfoEnabled,60] - [83d0b0f7-894c-488a-97ad-b2c869958a4f] Ack server push request, request = NotifySubscriberRequest, requestId = 96
17:39:48.748 [RMI TCP Connection(1)-192.168.211.1] INFO  o.a.c.c.C.[.[.[/] - [log,173] - Initializing Spring DispatcherServlet 'dispatcherServlet'
17:39:49.125 [RMI TCP Connection(3)-192.168.211.1] INFO  c.z.h.HikariDataSource - [getConnection,110] - HikariPool-1 - Starting...
17:39:49.584 [RMI TCP Connection(3)-192.168.211.1] INFO  c.z.h.HikariDataSource - [getConnection,123] - HikariPool-1 - Start completed.
17:40:41.847 [nacos-grpc-client-executor-21] INFO  c.a.n.c.r.client - [printIfInfoEnabled,60] - [83d0b0f7-894c-488a-97ad-b2c869958a4f] Receive server push request, request = NotifySubscriberRequest, requestId = 98
17:40:41.848 [nacos-grpc-client-executor-21] INFO  c.a.n.c.r.client - [printIfInfoEnabled,60] - [83d0b0f7-894c-488a-97ad-b2c869958a4f] Ack server push request, request = NotifySubscriberRequest, requestId = 98
17:57:15.062 [SpringApplicationShutdownHook] INFO  c.a.c.n.r.NacosServiceRegistry - [deregister,94] - De-registering from Nacos Server now...
17:57:15.064 [SpringApplicationShutdownHook] INFO  c.a.c.n.r.NacosServiceRegistry - [deregister,114] - De-registration finished.
17:57:15.395 [SpringApplicationShutdownHook] INFO  c.a.n.c.r.client - [shutdown,454] - Shutdown rpc client, set status to shutdown
17:57:15.395 [SpringApplicationShutdownHook] INFO  c.a.n.c.r.client - [shutdown,456] - Shutdown client event executor java.util.concurrent.ScheduledThreadPoolExecutor@11f27111[Running, pool size = 2, active threads = 2, queued tasks = 0, completed tasks = 0]
17:57:15.395 [SpringApplicationShutdownHook] INFO  c.a.n.c.r.client - [closeConnection,591] - Close current connection 1684057188004_127.0.0.1_4509
17:57:15.396 [nacos-grpc-client-executor-226] INFO  c.a.n.c.r.c.g.GrpcClient - [printIfInfoEnabled,60] - [1684057188004_127.0.0.1_4509]Ignore complete event,isRunning:false,isAbandon=false
17:57:15.399 [SpringApplicationShutdownHook] INFO  c.a.n.c.r.c.g.GrpcClient - [shutdown,85] - Shutdown grpc executor java.util.concurrent.ThreadPoolExecutor@610c08c8[Running, pool size = 5, active threads = 0, queued tasks = 0, completed tasks = 227]
17:57:15.528 [SpringApplicationShutdownHook] INFO  c.z.h.HikariDataSource - [close,350] - HikariPool-1 - Shutdown initiated...
17:57:15.537 [SpringApplicationShutdownHook] INFO  c.z.h.HikariDataSource - [close,352] - HikariPool-1 - Shutdown completed.
17:57:20.167 [background-preinit] INFO  o.h.v.i.util.Version - [<clinit>,21] - HV000001: Hibernate Validator 6.2.5.Final
17:57:20.782 [main] INFO  c.a.n.c.r.client - [lambda$createClient$0,80] - [RpcClientFactory] create a new rpc client of a281c6ab-5443-4573-badd-20c3fcaf3aaf_config-0
17:57:20.818 [main] INFO  o.r.Reflections - [scan,232] - Reflections took 20 ms to scan 1 urls, producing 3 keys and 6 values 
17:57:20.840 [main] INFO  o.r.Reflections - [scan,232] - Reflections took 11 ms to scan 1 urls, producing 4 keys and 9 values 
17:57:20.851 [main] INFO  o.r.Reflections - [scan,232] - Reflections took 9 ms to scan 1 urls, producing 3 keys and 10 values 
17:57:20.982 [main] INFO  o.r.Reflections - [scan,232] - Reflections took 128 ms to scan 195 urls, producing 0 keys and 0 values 
17:57:20.990 [main] INFO  o.r.Reflections - [scan,232] - Reflections took 7 ms to scan 1 urls, producing 1 keys and 5 values 
17:57:20.999 [main] INFO  o.r.Reflections - [scan,232] - Reflections took 8 ms to scan 1 urls, producing 1 keys and 7 values 
17:57:21.007 [main] INFO  o.r.Reflections - [scan,232] - Reflections took 7 ms to scan 1 urls, producing 2 keys and 8 values 
17:57:21.110 [main] INFO  o.r.Reflections - [scan,232] - Reflections took 101 ms to scan 195 urls, producing 0 keys and 0 values 
17:57:21.111 [main] INFO  c.a.n.c.r.client - [printIfInfoEnabled,60] - [a281c6ab-5443-4573-badd-20c3fcaf3aaf_config-0] RpcClient init label, labels = {module=config, Vipserver-Tag=null, source=sdk, Amory-Tag=null, Location-Tag=null, taskId=0, AppName=unknown}
17:57:21.112 [main] INFO  c.a.n.c.r.client - [printIfInfoEnabled,60] - [a281c6ab-5443-4573-badd-20c3fcaf3aaf_config-0] Register server push request handler:com.alibaba.nacos.client.config.impl.ClientWorker$ConfigRpcTransportClient$$Lambda$336/832145584
17:57:21.112 [main] INFO  c.a.n.c.r.client - [printIfInfoEnabled,60] - [a281c6ab-5443-4573-badd-20c3fcaf3aaf_config-0] Register server push request handler:com.alibaba.nacos.client.config.impl.ClientWorker$ConfigRpcTransportClient$$Lambda$337/224060798
17:57:21.112 [main] INFO  c.a.n.c.r.client - [printIfInfoEnabled,60] - [a281c6ab-5443-4573-badd-20c3fcaf3aaf_config-0] Registry connection listener to current client:com.alibaba.nacos.client.config.impl.ClientWorker$ConfigRpcTransportClient$1
17:57:21.113 [main] INFO  c.a.n.c.r.client - [printIfInfoEnabled,60] - [a281c6ab-5443-4573-badd-20c3fcaf3aaf_config-0] RpcClient init, ServerListFactory = com.alibaba.nacos.client.config.impl.ClientWorker$ConfigRpcTransportClient$2
17:57:21.119 [main] INFO  c.a.n.c.r.client - [printIfInfoEnabled,60] - [a281c6ab-5443-4573-badd-20c3fcaf3aaf_config-0] Try to connect to server on start up, server: {serverIp = '127.0.0.1', server main port = 8848}
17:57:22.344 [main] INFO  c.a.n.c.r.client - [printIfInfoEnabled,60] - [a281c6ab-5443-4573-badd-20c3fcaf3aaf_config-0] Success to connect to server [127.0.0.1:8848] on start up, connectionId = 1684058242122_127.0.0.1_6415
17:57:22.345 [com.alibaba.nacos.client.remote.worker] INFO  c.a.n.c.r.client - [printIfInfoEnabled,60] - [a281c6ab-5443-4573-badd-20c3fcaf3aaf_config-0] Notify connected event to listeners.
17:57:22.345 [main] INFO  c.a.n.c.r.client - [printIfInfoEnabled,60] - [a281c6ab-5443-4573-badd-20c3fcaf3aaf_config-0] Register server push request handler:com.alibaba.nacos.common.remote.client.RpcClient$ConnectResetRequestHandler
17:57:22.345 [main] INFO  c.a.n.c.r.client - [printIfInfoEnabled,60] - [a281c6ab-5443-4573-badd-20c3fcaf3aaf_config-0] Register server push request handler:com.alibaba.nacos.common.remote.client.RpcClient$$Lambda$345/990684641
17:57:22.398 [main] INFO  c.r.g.RuoYiGenApplication - [logStartupProfileInfo,637] - The following 1 profile is active: "dev"
17:57:23.860 [main] INFO  o.a.c.h.Http11NioProtocol - [log,173] - Initializing ProtocolHandler ["http-nio-9202"]
17:57:23.861 [main] INFO  o.a.c.c.StandardService - [log,173] - Starting service [Tomcat]
17:57:23.861 [main] INFO  o.a.c.c.StandardEngine - [log,173] - Starting Servlet engine: [Apache Tomcat/9.0.70]
17:57:24.038 [main] INFO  o.a.c.c.C.[.[.[/] - [log,173] - Initializing Spring embedded WebApplicationContext
17:57:24.860 [main] INFO  c.a.c.s.SentinelWebMvcConfigurer - [addInterceptors,52] - [Sentinel Starter] register SentinelWebInterceptor with urlPatterns: [/**].
17:57:26.897 [main] INFO  c.a.n.c.r.client - [lambda$createClient$0,80] - [RpcClientFactory] create a new rpc client of 0d98c804-c205-47f6-939f-e149b38ea39d
17:57:26.897 [main] INFO  c.a.n.c.r.client - [printIfInfoEnabled,60] - [0d98c804-c205-47f6-939f-e149b38ea39d] RpcClient init label, labels = {module=naming, source=sdk}
17:57:26.898 [main] INFO  c.a.n.c.r.client - [printIfInfoEnabled,60] - [0d98c804-c205-47f6-939f-e149b38ea39d] RpcClient init, ServerListFactory = com.alibaba.nacos.client.naming.core.ServerListManager
17:57:26.899 [main] INFO  c.a.n.c.r.client - [printIfInfoEnabled,60] - [0d98c804-c205-47f6-939f-e149b38ea39d] Registry connection listener to current client:com.alibaba.nacos.client.naming.remote.gprc.redo.NamingGrpcRedoService
17:57:26.899 [main] INFO  c.a.n.c.r.client - [printIfInfoEnabled,60] - [0d98c804-c205-47f6-939f-e149b38ea39d] Register server push request handler:com.alibaba.nacos.client.naming.remote.gprc.NamingPushRequestHandler
17:57:26.899 [main] INFO  c.a.n.c.r.client - [printIfInfoEnabled,60] - [0d98c804-c205-47f6-939f-e149b38ea39d] Try to connect to server on start up, server: {serverIp = '127.0.0.1', server main port = 8848}
17:57:27.009 [main] INFO  c.a.n.c.r.client - [printIfInfoEnabled,60] - [0d98c804-c205-47f6-939f-e149b38ea39d] Success to connect to server [127.0.0.1:8848] on start up, connectionId = 1684058246903_127.0.0.1_6428
17:57:27.010 [com.alibaba.nacos.client.remote.worker] INFO  c.a.n.c.r.client - [printIfInfoEnabled,60] - [0d98c804-c205-47f6-939f-e149b38ea39d] Notify connected event to listeners.
17:57:27.011 [main] INFO  c.a.n.c.r.client - [printIfInfoEnabled,60] - [0d98c804-c205-47f6-939f-e149b38ea39d] Register server push request handler:com.alibaba.nacos.common.remote.client.RpcClient$ConnectResetRequestHandler
17:57:27.011 [main] INFO  c.a.n.c.r.client - [printIfInfoEnabled,60] - [0d98c804-c205-47f6-939f-e149b38ea39d] Register server push request handler:com.alibaba.nacos.common.remote.client.RpcClient$$Lambda$345/990684641
17:57:27.032 [main] INFO  o.a.c.h.Http11NioProtocol - [log,173] - Starting ProtocolHandler ["http-nio-9202"]
17:57:27.049 [main] INFO  c.a.c.n.r.NacosServiceRegistry - [register,75] - nacos registry, DEFAULT_GROUP ruoyi-gen 10.37.50.144:9202 register finished
17:57:27.568 [main] INFO  c.r.g.RuoYiGenApplication - [logStarted,61] - Started RuoYiGenApplication in 8.067 seconds (JVM running for 8.897)
17:57:27.576 [main] INFO  c.a.c.n.r.NacosContextRefresher - [registerNacosListener,129] - [Nacos Config] Listening config: dataId=ruoyi-gen, group=DEFAULT_GROUP
17:57:27.577 [main] INFO  c.a.c.n.r.NacosContextRefresher - [registerNacosListener,129] - [Nacos Config] Listening config: dataId=ruoyi-gen-dev.yml, group=DEFAULT_GROUP
17:57:27.578 [main] INFO  c.a.c.n.r.NacosContextRefresher - [registerNacosListener,129] - [Nacos Config] Listening config: dataId=ruoyi-gen.yml, group=DEFAULT_GROUP
17:57:27.635 [nacos-grpc-client-executor-6] INFO  c.a.n.c.r.client - [printIfInfoEnabled,60] - [0d98c804-c205-47f6-939f-e149b38ea39d] Receive server push request, request = NotifySubscriberRequest, requestId = 101
17:57:27.639 [nacos-grpc-client-executor-6] INFO  c.a.n.c.r.client - [printIfInfoEnabled,60] - [0d98c804-c205-47f6-939f-e149b38ea39d] Ack server push request, request = NotifySubscriberRequest, requestId = 101
17:57:28.096 [RMI TCP Connection(2)-192.168.211.1] INFO  o.a.c.c.C.[.[.[/] - [log,173] - Initializing Spring DispatcherServlet 'dispatcherServlet'
17:57:28.119 [RMI TCP Connection(3)-192.168.211.1] INFO  c.z.h.HikariDataSource - [getConnection,110] - HikariPool-1 - Starting...
17:57:28.661 [RMI TCP Connection(3)-192.168.211.1] INFO  c.z.h.HikariDataSource - [getConnection,123] - HikariPool-1 - Start completed.
19:05:09.131 [SpringApplicationShutdownHook] INFO  c.a.c.n.r.NacosServiceRegistry - [deregister,94] - De-registering from Nacos Server now...
19:05:09.133 [SpringApplicationShutdownHook] INFO  c.a.c.n.r.NacosServiceRegistry - [deregister,114] - De-registration finished.
19:05:09.457 [SpringApplicationShutdownHook] INFO  c.a.n.c.r.client - [shutdown,454] - Shutdown rpc client, set status to shutdown
19:05:09.457 [SpringApplicationShutdownHook] INFO  c.a.n.c.r.client - [shutdown,456] - Shutdown client event executor java.util.concurrent.ScheduledThreadPoolExecutor@3e827769[Running, pool size = 2, active threads = 2, queued tasks = 0, completed tasks = 0]
19:05:09.457 [SpringApplicationShutdownHook] INFO  c.a.n.c.r.client - [closeConnection,591] - Close current connection 1684058246903_127.0.0.1_6428
19:05:09.458 [nacos-grpc-client-executor-822] INFO  c.a.n.c.r.c.g.GrpcClient - [printIfInfoEnabled,60] - [1684058246903_127.0.0.1_6428]Ignore complete event,isRunning:false,isAbandon=false
19:05:09.459 [SpringApplicationShutdownHook] INFO  c.a.n.c.r.c.g.GrpcClient - [shutdown,85] - Shutdown grpc executor java.util.concurrent.ThreadPoolExecutor@1ed2b4df[Running, pool size = 4, active threads = 0, queued tasks = 0, completed tasks = 823]
19:05:09.591 [SpringApplicationShutdownHook] INFO  c.z.h.HikariDataSource - [close,350] - HikariPool-1 - Shutdown initiated...
19:05:09.596 [SpringApplicationShutdownHook] INFO  c.z.h.HikariDataSource - [close,352] - HikariPool-1 - Shutdown completed.
19:05:44.245 [background-preinit] INFO  o.h.v.i.util.Version - [<clinit>,21] - HV000001: Hibernate Validator 6.2.5.Final
19:05:44.835 [main] INFO  c.a.n.c.r.client - [lambda$createClient$0,80] - [RpcClientFactory] create a new rpc client of c9781db0-f544-4d07-84e0-94cc48855150_config-0
19:05:44.868 [main] INFO  o.r.Reflections - [scan,232] - Reflections took 22 ms to scan 1 urls, producing 3 keys and 6 values 
19:05:44.887 [main] INFO  o.r.Reflections - [scan,232] - Reflections took 10 ms to scan 1 urls, producing 4 keys and 9 values 
19:05:44.898 [main] INFO  o.r.Reflections - [scan,232] - Reflections took 9 ms to scan 1 urls, producing 3 keys and 10 values 
19:05:45.036 [main] INFO  o.r.Reflections - [scan,232] - Reflections took 136 ms to scan 195 urls, producing 0 keys and 0 values 
19:05:45.044 [main] INFO  o.r.Reflections - [scan,232] - Reflections took 7 ms to scan 1 urls, producing 1 keys and 5 values 
19:05:45.054 [main] INFO  o.r.Reflections - [scan,232] - Reflections took 8 ms to scan 1 urls, producing 1 keys and 7 values 
19:05:45.063 [main] INFO  o.r.Reflections - [scan,232] - Reflections took 8 ms to scan 1 urls, producing 2 keys and 8 values 
19:05:45.170 [main] INFO  o.r.Reflections - [scan,232] - Reflections took 106 ms to scan 195 urls, producing 0 keys and 0 values 
19:05:45.171 [main] INFO  c.a.n.c.r.client - [printIfInfoEnabled,60] - [c9781db0-f544-4d07-84e0-94cc48855150_config-0] RpcClient init label, labels = {module=config, Vipserver-Tag=null, source=sdk, Amory-Tag=null, Location-Tag=null, taskId=0, AppName=unknown}
19:05:45.172 [main] INFO  c.a.n.c.r.client - [printIfInfoEnabled,60] - [c9781db0-f544-4d07-84e0-94cc48855150_config-0] Register server push request handler:com.alibaba.nacos.client.config.impl.ClientWorker$ConfigRpcTransportClient$$Lambda$336/224060798
19:05:45.172 [main] INFO  c.a.n.c.r.client - [printIfInfoEnabled,60] - [c9781db0-f544-4d07-84e0-94cc48855150_config-0] Register server push request handler:com.alibaba.nacos.client.config.impl.ClientWorker$ConfigRpcTransportClient$$Lambda$337/1752535057
19:05:45.173 [main] INFO  c.a.n.c.r.client - [printIfInfoEnabled,60] - [c9781db0-f544-4d07-84e0-94cc48855150_config-0] Registry connection listener to current client:com.alibaba.nacos.client.config.impl.ClientWorker$ConfigRpcTransportClient$1
19:05:45.173 [main] INFO  c.a.n.c.r.client - [printIfInfoEnabled,60] - [c9781db0-f544-4d07-84e0-94cc48855150_config-0] RpcClient init, ServerListFactory = com.alibaba.nacos.client.config.impl.ClientWorker$ConfigRpcTransportClient$2
19:05:45.177 [main] INFO  c.a.n.c.r.client - [printIfInfoEnabled,60] - [c9781db0-f544-4d07-84e0-94cc48855150_config-0] Try to connect to server on start up, server: {serverIp = '127.0.0.1', server main port = 8848}
19:05:46.353 [main] INFO  c.a.n.c.r.client - [printIfInfoEnabled,60] - [c9781db0-f544-4d07-84e0-94cc48855150_config-0] Success to connect to server [127.0.0.1:8848] on start up, connectionId = 1684062346127_127.0.0.1_11503
19:05:46.354 [main] INFO  c.a.n.c.r.client - [printIfInfoEnabled,60] - [c9781db0-f544-4d07-84e0-94cc48855150_config-0] Register server push request handler:com.alibaba.nacos.common.remote.client.RpcClient$ConnectResetRequestHandler
19:05:46.354 [com.alibaba.nacos.client.remote.worker] INFO  c.a.n.c.r.client - [printIfInfoEnabled,60] - [c9781db0-f544-4d07-84e0-94cc48855150_config-0] Notify connected event to listeners.
19:05:46.354 [main] INFO  c.a.n.c.r.client - [printIfInfoEnabled,60] - [c9781db0-f544-4d07-84e0-94cc48855150_config-0] Register server push request handler:com.alibaba.nacos.common.remote.client.RpcClient$$Lambda$345/1538462491
19:05:46.408 [main] INFO  c.r.g.RuoYiGenApplication - [logStartupProfileInfo,637] - The following 1 profile is active: "dev"
19:05:47.753 [main] INFO  o.a.c.h.Http11NioProtocol - [log,173] - Initializing ProtocolHandler ["http-nio-9202"]
19:05:47.753 [main] INFO  o.a.c.c.StandardService - [log,173] - Starting service [Tomcat]
19:05:47.753 [main] INFO  o.a.c.c.StandardEngine - [log,173] - Starting Servlet engine: [Apache Tomcat/9.0.70]
19:05:47.889 [main] INFO  o.a.c.c.C.[.[.[/] - [log,173] - Initializing Spring embedded WebApplicationContext
19:05:48.666 [main] INFO  c.a.c.s.SentinelWebMvcConfigurer - [addInterceptors,52] - [Sentinel Starter] register SentinelWebInterceptor with urlPatterns: [/**].
19:05:50.485 [main] INFO  c.a.n.c.r.client - [lambda$createClient$0,80] - [RpcClientFactory] create a new rpc client of ed231456-cdfb-403c-ac49-5f221ee005e4
19:05:50.485 [main] INFO  c.a.n.c.r.client - [printIfInfoEnabled,60] - [ed231456-cdfb-403c-ac49-5f221ee005e4] RpcClient init label, labels = {module=naming, source=sdk}
19:05:50.486 [main] INFO  c.a.n.c.r.client - [printIfInfoEnabled,60] - [ed231456-cdfb-403c-ac49-5f221ee005e4] RpcClient init, ServerListFactory = com.alibaba.nacos.client.naming.core.ServerListManager
19:05:50.486 [main] INFO  c.a.n.c.r.client - [printIfInfoEnabled,60] - [ed231456-cdfb-403c-ac49-5f221ee005e4] Registry connection listener to current client:com.alibaba.nacos.client.naming.remote.gprc.redo.NamingGrpcRedoService
19:05:50.488 [main] INFO  c.a.n.c.r.client - [printIfInfoEnabled,60] - [ed231456-cdfb-403c-ac49-5f221ee005e4] Register server push request handler:com.alibaba.nacos.client.naming.remote.gprc.NamingPushRequestHandler
19:05:50.488 [main] INFO  c.a.n.c.r.client - [printIfInfoEnabled,60] - [ed231456-cdfb-403c-ac49-5f221ee005e4] Try to connect to server on start up, server: {serverIp = '127.0.0.1', server main port = 8848}
19:05:50.598 [main] INFO  c.a.n.c.r.client - [printIfInfoEnabled,60] - [ed231456-cdfb-403c-ac49-5f221ee005e4] Success to connect to server [127.0.0.1:8848] on start up, connectionId = 1684062350493_127.0.0.1_11506
19:05:50.598 [main] INFO  c.a.n.c.r.client - [printIfInfoEnabled,60] - [ed231456-cdfb-403c-ac49-5f221ee005e4] Register server push request handler:com.alibaba.nacos.common.remote.client.RpcClient$ConnectResetRequestHandler
19:05:50.598 [com.alibaba.nacos.client.remote.worker] INFO  c.a.n.c.r.client - [printIfInfoEnabled,60] - [ed231456-cdfb-403c-ac49-5f221ee005e4] Notify connected event to listeners.
19:05:50.598 [main] INFO  c.a.n.c.r.client - [printIfInfoEnabled,60] - [ed231456-cdfb-403c-ac49-5f221ee005e4] Register server push request handler:com.alibaba.nacos.common.remote.client.RpcClient$$Lambda$345/1538462491
19:05:50.636 [main] INFO  c.a.c.n.r.NacosServiceRegistry - [register,75] - nacos registry, DEFAULT_GROUP ruoyi-gen 10.37.50.144:9202 register finished
19:05:51.121 [main] INFO  c.r.g.RuoYiGenApplication - [logStarted,61] - Started RuoYiGenApplication in 7.528 seconds (JVM running for 8.356)
19:05:51.134 [main] INFO  c.a.c.n.r.NacosContextRefresher - [registerNacosListener,129] - [Nacos Config] Listening config: dataId=ruoyi-gen, group=DEFAULT_GROUP
19:05:51.135 [main] INFO  c.a.c.n.r.NacosContextRefresher - [registerNacosListener,129] - [Nacos Config] Listening config: dataId=ruoyi-gen-dev.yml, group=DEFAULT_GROUP
19:05:51.135 [main] INFO  c.a.c.n.r.NacosContextRefresher - [registerNacosListener,129] - [Nacos Config] Listening config: dataId=ruoyi-gen.yml, group=DEFAULT_GROUP
19:05:51.141 [nacos-grpc-client-executor-6] INFO  c.a.n.c.r.client - [printIfInfoEnabled,60] - [ed231456-cdfb-403c-ac49-5f221ee005e4] Receive server push request, request = NotifySubscriberRequest, requestId = 107
19:05:51.145 [nacos-grpc-client-executor-6] INFO  c.a.n.c.r.client - [printIfInfoEnabled,60] - [ed231456-cdfb-403c-ac49-5f221ee005e4] Ack server push request, request = NotifySubscriberRequest, requestId = 107
19:05:51.352 [SpringApplicationShutdownHook] INFO  c.a.c.n.r.NacosServiceRegistry - [deregister,94] - De-registering from Nacos Server now...
19:05:51.355 [SpringApplicationShutdownHook] INFO  c.a.c.n.r.NacosServiceRegistry - [deregister,114] - De-registration finished.
19:05:51.682 [SpringApplicationShutdownHook] INFO  c.a.n.c.r.client - [shutdown,454] - Shutdown rpc client, set status to shutdown
19:05:51.682 [SpringApplicationShutdownHook] INFO  c.a.n.c.r.client - [shutdown,456] - Shutdown client event executor java.util.concurrent.ScheduledThreadPoolExecutor@81bfb2a[Running, pool size = 2, active threads = 2, queued tasks = 0, completed tasks = 0]
19:05:51.682 [SpringApplicationShutdownHook] INFO  c.a.n.c.r.client - [closeConnection,591] - Close current connection 1684062350493_127.0.0.1_11506
19:05:51.684 [nacos-grpc-client-executor-9] INFO  c.a.n.c.r.c.g.GrpcClient - [printIfInfoEnabled,60] - [1684062350493_127.0.0.1_11506]Ignore complete event,isRunning:false,isAbandon=false
19:05:51.685 [SpringApplicationShutdownHook] INFO  c.a.n.c.r.c.g.GrpcClient - [shutdown,85] - Shutdown grpc executor java.util.concurrent.ThreadPoolExecutor@3b7ed7a5[Running, pool size = 10, active threads = 0, queued tasks = 0, completed tasks = 10]
19:07:20.479 [background-preinit] INFO  o.h.v.i.util.Version - [<clinit>,21] - HV000001: Hibernate Validator 6.2.5.Final
19:07:21.111 [main] INFO  c.a.n.c.r.client - [lambda$createClient$0,80] - [RpcClientFactory] create a new rpc client of 110e7a77-fdd3-4c3c-97e8-6bd49c603988_config-0
19:07:21.147 [main] INFO  o.r.Reflections - [scan,232] - Reflections took 23 ms to scan 1 urls, producing 3 keys and 6 values 
19:07:21.169 [main] INFO  o.r.Reflections - [scan,232] - Reflections took 11 ms to scan 1 urls, producing 4 keys and 9 values 
19:07:21.181 [main] INFO  o.r.Reflections - [scan,232] - Reflections took 10 ms to scan 1 urls, producing 3 keys and 10 values 
19:07:21.333 [main] INFO  o.r.Reflections - [scan,232] - Reflections took 150 ms to scan 196 urls, producing 0 keys and 0 values 
19:07:21.341 [main] INFO  o.r.Reflections - [scan,232] - Reflections took 8 ms to scan 1 urls, producing 1 keys and 5 values 
19:07:21.350 [main] INFO  o.r.Reflections - [scan,232] - Reflections took 7 ms to scan 1 urls, producing 1 keys and 7 values 
19:07:21.363 [main] INFO  o.r.Reflections - [scan,232] - Reflections took 11 ms to scan 1 urls, producing 2 keys and 8 values 
