13:44:35.024 [background-preinit] INFO  o.h.v.i.util.Version - [<clinit>,21] - HV000001: Hibernate Validator 6.2.5.Final
13:44:35.599 [main] INFO  c.a.n.c.r.client - [lambda$createClient$0,80] - [RpcClientFactory] create a new rpc client of d4bc4fb0-aa35-4b27-a704-d298bca08633_config-0
13:44:35.631 [main] INFO  o.r.Reflections - [scan,232] - Reflections took 19 ms to scan 1 urls, producing 3 keys and 6 values 
13:44:35.651 [main] INFO  o.r.Reflections - [scan,232] - Reflections took 10 ms to scan 1 urls, producing 4 keys and 9 values 
13:44:35.662 [main] INFO  o.r.Reflections - [scan,232] - Reflections took 9 ms to scan 1 urls, producing 3 keys and 10 values 
13:44:35.793 [main] INFO  o.r.Reflections - [scan,232] - Reflections took 129 ms to scan 195 urls, producing 0 keys and 0 values 
13:44:35.801 [main] INFO  o.r.Reflections - [scan,232] - Reflections took 7 ms to scan 1 urls, producing 1 keys and 5 values 
13:44:35.810 [main] INFO  o.r.Reflections - [scan,232] - Reflections took 7 ms to scan 1 urls, producing 1 keys and 7 values 
13:44:35.819 [main] INFO  o.r.Reflections - [scan,232] - Reflections took 7 ms to scan 1 urls, producing 2 keys and 8 values 
13:44:35.926 [main] INFO  o.r.Reflections - [scan,232] - Reflections took 106 ms to scan 195 urls, producing 0 keys and 0 values 
13:44:35.928 [main] INFO  c.a.n.c.r.client - [printIfInfoEnabled,60] - [d4bc4fb0-aa35-4b27-a704-d298bca08633_config-0] RpcClient init label, labels = {module=config, Vipserver-Tag=null, source=sdk, Amory-Tag=null, Location-Tag=null, taskId=0, AppName=unknown}
13:44:35.928 [main] INFO  c.a.n.c.r.client - [printIfInfoEnabled,60] - [d4bc4fb0-aa35-4b27-a704-d298bca08633_config-0] Register server push request handler:com.alibaba.nacos.client.config.impl.ClientWorker$ConfigRpcTransportClient$$Lambda$336/224060798
13:44:35.928 [main] INFO  c.a.n.c.r.client - [printIfInfoEnabled,60] - [d4bc4fb0-aa35-4b27-a704-d298bca08633_config-0] Register server push request handler:com.alibaba.nacos.client.config.impl.ClientWorker$ConfigRpcTransportClient$$Lambda$337/1752535057
13:44:35.929 [main] INFO  c.a.n.c.r.client - [printIfInfoEnabled,60] - [d4bc4fb0-aa35-4b27-a704-d298bca08633_config-0] Registry connection listener to current client:com.alibaba.nacos.client.config.impl.ClientWorker$ConfigRpcTransportClient$1
13:44:35.929 [main] INFO  c.a.n.c.r.client - [printIfInfoEnabled,60] - [d4bc4fb0-aa35-4b27-a704-d298bca08633_config-0] RpcClient init, ServerListFactory = com.alibaba.nacos.client.config.impl.ClientWorker$ConfigRpcTransportClient$2
13:44:35.934 [main] INFO  c.a.n.c.r.client - [printIfInfoEnabled,60] - [d4bc4fb0-aa35-4b27-a704-d298bca08633_config-0] Try to connect to server on start up, server: {serverIp = '127.0.0.1', server main port = 8848}
13:44:37.117 [main] INFO  c.a.n.c.r.client - [printIfInfoEnabled,60] - [d4bc4fb0-aa35-4b27-a704-d298bca08633_config-0] Success to connect to server [127.0.0.1:8848] on start up, connectionId = 1684820676905_127.0.0.1_10406
13:44:37.117 [com.alibaba.nacos.client.remote.worker] INFO  c.a.n.c.r.client - [printIfInfoEnabled,60] - [d4bc4fb0-aa35-4b27-a704-d298bca08633_config-0] Notify connected event to listeners.
13:44:37.117 [main] INFO  c.a.n.c.r.client - [printIfInfoEnabled,60] - [d4bc4fb0-aa35-4b27-a704-d298bca08633_config-0] Register server push request handler:com.alibaba.nacos.common.remote.client.RpcClient$ConnectResetRequestHandler
13:44:37.118 [main] INFO  c.a.n.c.r.client - [printIfInfoEnabled,60] - [d4bc4fb0-aa35-4b27-a704-d298bca08633_config-0] Register server push request handler:com.alibaba.nacos.common.remote.client.RpcClient$$Lambda$345/1538462491
13:44:37.171 [main] INFO  c.r.g.RuoYiGenApplication - [logStartupProfileInfo,637] - The following 1 profile is active: "dev"
13:44:38.431 [main] INFO  o.a.c.h.Http11NioProtocol - [log,173] - Initializing ProtocolHandler ["http-nio-9202"]
13:44:38.432 [main] INFO  o.a.c.c.StandardService - [log,173] - Starting service [Tomcat]
13:44:38.432 [main] INFO  o.a.c.c.StandardEngine - [log,173] - Starting Servlet engine: [Apache Tomcat/9.0.70]
13:44:38.568 [main] INFO  o.a.c.c.C.[.[.[/] - [log,173] - Initializing Spring embedded WebApplicationContext
13:44:39.272 [main] INFO  c.a.c.s.SentinelWebMvcConfigurer - [addInterceptors,52] - [Sentinel Starter] register SentinelWebInterceptor with urlPatterns: [/**].
13:44:40.894 [main] INFO  c.a.n.c.r.client - [lambda$createClient$0,80] - [RpcClientFactory] create a new rpc client of 8c065c79-68f1-4868-b5f7-c1dbce7698f7
13:44:40.895 [main] INFO  c.a.n.c.r.client - [printIfInfoEnabled,60] - [8c065c79-68f1-4868-b5f7-c1dbce7698f7] RpcClient init label, labels = {module=naming, source=sdk}
13:44:40.896 [main] INFO  c.a.n.c.r.client - [printIfInfoEnabled,60] - [8c065c79-68f1-4868-b5f7-c1dbce7698f7] RpcClient init, ServerListFactory = com.alibaba.nacos.client.naming.core.ServerListManager
13:44:40.896 [main] INFO  c.a.n.c.r.client - [printIfInfoEnabled,60] - [8c065c79-68f1-4868-b5f7-c1dbce7698f7] Registry connection listener to current client:com.alibaba.nacos.client.naming.remote.gprc.redo.NamingGrpcRedoService
13:44:40.897 [main] INFO  c.a.n.c.r.client - [printIfInfoEnabled,60] - [8c065c79-68f1-4868-b5f7-c1dbce7698f7] Register server push request handler:com.alibaba.nacos.client.naming.remote.gprc.NamingPushRequestHandler
13:44:40.897 [main] INFO  c.a.n.c.r.client - [printIfInfoEnabled,60] - [8c065c79-68f1-4868-b5f7-c1dbce7698f7] Try to connect to server on start up, server: {serverIp = '127.0.0.1', server main port = 8848}
13:44:41.013 [main] INFO  c.a.n.c.r.client - [printIfInfoEnabled,60] - [8c065c79-68f1-4868-b5f7-c1dbce7698f7] Success to connect to server [127.0.0.1:8848] on start up, connectionId = 1684820680901_127.0.0.1_10407
13:44:41.013 [com.alibaba.nacos.client.remote.worker] INFO  c.a.n.c.r.client - [printIfInfoEnabled,60] - [8c065c79-68f1-4868-b5f7-c1dbce7698f7] Notify connected event to listeners.
13:44:41.015 [main] INFO  c.a.n.c.r.client - [printIfInfoEnabled,60] - [8c065c79-68f1-4868-b5f7-c1dbce7698f7] Register server push request handler:com.alibaba.nacos.common.remote.client.RpcClient$ConnectResetRequestHandler
13:44:41.015 [main] INFO  c.a.n.c.r.client - [printIfInfoEnabled,60] - [8c065c79-68f1-4868-b5f7-c1dbce7698f7] Register server push request handler:com.alibaba.nacos.common.remote.client.RpcClient$$Lambda$345/1538462491
13:44:41.035 [main] INFO  o.a.c.h.Http11NioProtocol - [log,173] - Starting ProtocolHandler ["http-nio-9202"]
13:44:41.050 [main] INFO  c.a.c.n.r.NacosServiceRegistry - [register,75] - nacos registry, DEFAULT_GROUP ruoyi-gen 10.37.50.144:9202 register finished
13:44:41.487 [main] INFO  c.r.g.RuoYiGenApplication - [logStarted,61] - Started RuoYiGenApplication in 7.08 seconds (JVM running for 7.869)
13:44:41.493 [main] INFO  c.a.c.n.r.NacosContextRefresher - [registerNacosListener,129] - [Nacos Config] Listening config: dataId=ruoyi-gen, group=DEFAULT_GROUP
13:44:41.494 [main] INFO  c.a.c.n.r.NacosContextRefresher - [registerNacosListener,129] - [Nacos Config] Listening config: dataId=ruoyi-gen-dev.yml, group=DEFAULT_GROUP
13:44:41.494 [main] INFO  c.a.c.n.r.NacosContextRefresher - [registerNacosListener,129] - [Nacos Config] Listening config: dataId=ruoyi-gen.yml, group=DEFAULT_GROUP
13:44:41.619 [nacos-grpc-client-executor-6] INFO  c.a.n.c.r.client - [printIfInfoEnabled,60] - [8c065c79-68f1-4868-b5f7-c1dbce7698f7] Receive server push request, request = NotifySubscriberRequest, requestId = 152
13:44:41.623 [nacos-grpc-client-executor-6] INFO  c.a.n.c.r.client - [printIfInfoEnabled,60] - [8c065c79-68f1-4868-b5f7-c1dbce7698f7] Ack server push request, request = NotifySubscriberRequest, requestId = 152
13:44:41.938 [RMI TCP Connection(3)-192.168.211.1] INFO  o.a.c.c.C.[.[.[/] - [log,173] - Initializing Spring DispatcherServlet 'dispatcherServlet'
13:44:41.959 [RMI TCP Connection(2)-192.168.211.1] INFO  c.z.h.HikariDataSource - [getConnection,110] - HikariPool-1 - Starting...
13:44:42.369 [RMI TCP Connection(2)-192.168.211.1] INFO  c.z.h.HikariDataSource - [getConnection,123] - HikariPool-1 - Start completed.
13:45:16.488 [nacos-grpc-client-executor-16] INFO  c.a.n.c.r.client - [printIfInfoEnabled,60] - [8c065c79-68f1-4868-b5f7-c1dbce7698f7] Receive server push request, request = NotifySubscriberRequest, requestId = 154
13:45:16.489 [nacos-grpc-client-executor-16] INFO  c.a.n.c.r.client - [printIfInfoEnabled,60] - [8c065c79-68f1-4868-b5f7-c1dbce7698f7] Ack server push request, request = NotifySubscriberRequest, requestId = 154
16:57:40.919 [SpringApplicationShutdownHook] INFO  c.a.c.n.r.NacosServiceRegistry - [deregister,94] - De-registering from Nacos Server now...
16:57:40.925 [SpringApplicationShutdownHook] INFO  c.a.c.n.r.NacosServiceRegistry - [deregister,114] - De-registration finished.
16:57:41.271 [SpringApplicationShutdownHook] INFO  c.a.n.c.r.client - [shutdown,454] - Shutdown rpc client, set status to shutdown
16:57:41.271 [SpringApplicationShutdownHook] INFO  c.a.n.c.r.client - [shutdown,456] - Shutdown client event executor java.util.concurrent.ScheduledThreadPoolExecutor@6c513204[Running, pool size = 2, active threads = 2, queued tasks = 0, completed tasks = 0]
16:57:41.271 [SpringApplicationShutdownHook] INFO  c.a.n.c.r.client - [closeConnection,591] - Close current connection 1684820680901_127.0.0.1_10407
16:57:41.276 [nacos-grpc-client-executor-2330] INFO  c.a.n.c.r.c.g.GrpcClient - [printIfInfoEnabled,60] - [1684820680901_127.0.0.1_10407]Ignore complete event,isRunning:false,isAbandon=false
16:57:41.286 [SpringApplicationShutdownHook] INFO  c.a.n.c.r.c.g.GrpcClient - [shutdown,85] - Shutdown grpc executor java.util.concurrent.ThreadPoolExecutor@319de82e[Running, pool size = 6, active threads = 0, queued tasks = 0, completed tasks = 2331]
16:57:41.477 [SpringApplicationShutdownHook] INFO  c.z.h.HikariDataSource - [close,350] - HikariPool-1 - Shutdown initiated...
16:57:41.488 [SpringApplicationShutdownHook] INFO  c.z.h.HikariDataSource - [close,352] - HikariPool-1 - Shutdown completed.
17:33:43.919 [background-preinit] INFO  o.h.v.i.util.Version - [<clinit>,21] - HV000001: Hibernate Validator 6.2.5.Final
17:33:44.471 [main] INFO  c.a.n.c.r.client - [lambda$createClient$0,80] - [RpcClientFactory] create a new rpc client of 877ddebe-a502-4390-a3c5-68b130980a20_config-0
17:33:44.499 [main] INFO  o.r.Reflections - [scan,232] - Reflections took 19 ms to scan 1 urls, producing 3 keys and 6 values 
17:33:44.518 [main] INFO  o.r.Reflections - [scan,232] - Reflections took 10 ms to scan 1 urls, producing 4 keys and 9 values 
17:33:44.528 [main] INFO  o.r.Reflections - [scan,232] - Reflections took 9 ms to scan 1 urls, producing 3 keys and 10 values 
17:33:44.658 [main] INFO  o.r.Reflections - [scan,232] - Reflections took 128 ms to scan 195 urls, producing 0 keys and 0 values 
17:33:44.666 [main] INFO  o.r.Reflections - [scan,232] - Reflections took 8 ms to scan 1 urls, producing 1 keys and 5 values 
17:33:44.675 [main] INFO  o.r.Reflections - [scan,232] - Reflections took 7 ms to scan 1 urls, producing 1 keys and 7 values 
17:33:44.685 [main] INFO  o.r.Reflections - [scan,232] - Reflections took 8 ms to scan 1 urls, producing 2 keys and 8 values 
17:33:44.790 [main] INFO  o.r.Reflections - [scan,232] - Reflections took 103 ms to scan 195 urls, producing 0 keys and 0 values 
17:33:44.791 [main] INFO  c.a.n.c.r.client - [printIfInfoEnabled,60] - [877ddebe-a502-4390-a3c5-68b130980a20_config-0] RpcClient init label, labels = {module=config, Vipserver-Tag=null, source=sdk, Amory-Tag=null, Location-Tag=null, taskId=0, AppName=unknown}
17:33:44.792 [main] INFO  c.a.n.c.r.client - [printIfInfoEnabled,60] - [877ddebe-a502-4390-a3c5-68b130980a20_config-0] Register server push request handler:com.alibaba.nacos.client.config.impl.ClientWorker$ConfigRpcTransportClient$$Lambda$336/224060798
17:33:44.792 [main] INFO  c.a.n.c.r.client - [printIfInfoEnabled,60] - [877ddebe-a502-4390-a3c5-68b130980a20_config-0] Register server push request handler:com.alibaba.nacos.client.config.impl.ClientWorker$ConfigRpcTransportClient$$Lambda$337/1752535057
17:33:44.792 [main] INFO  c.a.n.c.r.client - [printIfInfoEnabled,60] - [877ddebe-a502-4390-a3c5-68b130980a20_config-0] Registry connection listener to current client:com.alibaba.nacos.client.config.impl.ClientWorker$ConfigRpcTransportClient$1
17:33:44.793 [main] INFO  c.a.n.c.r.client - [printIfInfoEnabled,60] - [877ddebe-a502-4390-a3c5-68b130980a20_config-0] RpcClient init, ServerListFactory = com.alibaba.nacos.client.config.impl.ClientWorker$ConfigRpcTransportClient$2
17:33:44.796 [main] INFO  c.a.n.c.r.client - [printIfInfoEnabled,60] - [877ddebe-a502-4390-a3c5-68b130980a20_config-0] Try to connect to server on start up, server: {serverIp = '127.0.0.1', server main port = 8848}
17:33:45.881 [main] INFO  c.a.n.c.r.client - [printIfInfoEnabled,60] - [877ddebe-a502-4390-a3c5-68b130980a20_config-0] Success to connect to server [127.0.0.1:8848] on start up, connectionId = 1684834425662_127.0.0.1_8700
17:33:45.882 [com.alibaba.nacos.client.remote.worker] INFO  c.a.n.c.r.client - [printIfInfoEnabled,60] - [877ddebe-a502-4390-a3c5-68b130980a20_config-0] Notify connected event to listeners.
17:33:45.882 [main] INFO  c.a.n.c.r.client - [printIfInfoEnabled,60] - [877ddebe-a502-4390-a3c5-68b130980a20_config-0] Register server push request handler:com.alibaba.nacos.common.remote.client.RpcClient$ConnectResetRequestHandler
17:33:45.882 [main] INFO  c.a.n.c.r.client - [printIfInfoEnabled,60] - [877ddebe-a502-4390-a3c5-68b130980a20_config-0] Register server push request handler:com.alibaba.nacos.common.remote.client.RpcClient$$Lambda$345/1538462491
