12:33:13.311 [background-preinit] INFO  o.h.v.i.util.Version - [<clinit>,21] - HV000001: Hibernate Validator 6.2.5.Final
12:33:14.054 [main] INFO  c.a.n.c.r.client - [lambda$createClient$0,80] - [RpcClientFactory] create a new rpc client of 8f3e6051-54ff-426c-93bf-97b31c9d457a_config-0
12:33:14.097 [main] INFO  o.r.Reflections - [scan,232] - Reflections took 28 ms to scan 1 urls, producing 3 keys and 6 values 
12:33:14.126 [main] INFO  o.r.Reflections - [scan,232] - Reflections took 19 ms to scan 1 urls, producing 4 keys and 9 values 
12:33:14.144 [main] INFO  o.r.Reflections - [scan,232] - Reflections took 15 ms to scan 1 urls, producing 3 keys and 10 values 
12:33:14.314 [main] INFO  o.r.Reflections - [scan,232] - Reflections took 167 ms to scan 208 urls, producing 0 keys and 0 values 
12:33:14.323 [main] INFO  o.r.Reflections - [scan,232] - Reflections took 8 ms to scan 1 urls, producing 1 keys and 5 values 
12:33:14.334 [main] INFO  o.r.Reflections - [scan,232] - Reflections took 9 ms to scan 1 urls, producing 1 keys and 7 values 
12:33:14.343 [main] INFO  o.r.Reflections - [scan,232] - Reflections took 7 ms to scan 1 urls, producing 2 keys and 8 values 
12:33:14.456 [main] INFO  o.r.Reflections - [scan,232] - Reflections took 111 ms to scan 208 urls, producing 0 keys and 0 values 
12:33:14.456 [main] INFO  c.a.n.c.r.client - [printIfInfoEnabled,60] - [8f3e6051-54ff-426c-93bf-97b31c9d457a_config-0] RpcClient init label, labels = {module=config, Vipserver-Tag=null, source=sdk, Amory-Tag=null, Location-Tag=null, taskId=0, AppName=unknown}
12:33:14.457 [main] INFO  c.a.n.c.r.client - [printIfInfoEnabled,60] - [8f3e6051-54ff-426c-93bf-97b31c9d457a_config-0] Register server push request handler:com.alibaba.nacos.client.config.impl.ClientWorker$ConfigRpcTransportClient$$Lambda$337/99808631
12:33:14.457 [main] INFO  c.a.n.c.r.client - [printIfInfoEnabled,60] - [8f3e6051-54ff-426c-93bf-97b31c9d457a_config-0] Register server push request handler:com.alibaba.nacos.client.config.impl.ClientWorker$ConfigRpcTransportClient$$Lambda$338/1651754404
12:33:14.458 [main] INFO  c.a.n.c.r.client - [printIfInfoEnabled,60] - [8f3e6051-54ff-426c-93bf-97b31c9d457a_config-0] Registry connection listener to current client:com.alibaba.nacos.client.config.impl.ClientWorker$ConfigRpcTransportClient$1
12:33:14.458 [main] INFO  c.a.n.c.r.client - [printIfInfoEnabled,60] - [8f3e6051-54ff-426c-93bf-97b31c9d457a_config-0] RpcClient init, ServerListFactory = com.alibaba.nacos.client.config.impl.ClientWorker$ConfigRpcTransportClient$2
12:33:14.463 [main] INFO  c.a.n.c.r.client - [printIfInfoEnabled,60] - [8f3e6051-54ff-426c-93bf-97b31c9d457a_config-0] Try to connect to server on start up, server: {serverIp = '127.0.0.1', server main port = 8848}
12:33:15.940 [main] INFO  c.a.n.c.r.client - [printIfInfoEnabled,60] - [8f3e6051-54ff-426c-93bf-97b31c9d457a_config-0] Success to connect to server [127.0.0.1:8848] on start up, connectionId = 1685593995725_127.0.0.1_1562
12:33:15.940 [com.alibaba.nacos.client.remote.worker] INFO  c.a.n.c.r.client - [printIfInfoEnabled,60] - [8f3e6051-54ff-426c-93bf-97b31c9d457a_config-0] Notify connected event to listeners.
12:33:15.941 [main] INFO  c.a.n.c.r.client - [printIfInfoEnabled,60] - [8f3e6051-54ff-426c-93bf-97b31c9d457a_config-0] Register server push request handler:com.alibaba.nacos.common.remote.client.RpcClient$ConnectResetRequestHandler
12:33:15.941 [main] INFO  c.a.n.c.r.client - [printIfInfoEnabled,60] - [8f3e6051-54ff-426c-93bf-97b31c9d457a_config-0] Register server push request handler:com.alibaba.nacos.common.remote.client.RpcClient$$Lambda$346/1792381498
12:33:16.020 [main] INFO  c.r.g.RuoYiGatewayApplication - [logStartupProfileInfo,637] - The following 1 profile is active: "dev"
12:33:19.423 [main] INFO  c.a.c.s.g.s.SentinelSCGAutoConfiguration - [sentinelGatewayFilter,144] - [Sentinel SpringCloudGateway] register SentinelGatewayFilter with order: -2147483648
12:33:19.832 [main] INFO  c.a.c.s.g.s.SentinelSCGAutoConfiguration - [sentinelGatewayBlockExceptionHandler,134] - [Sentinel SpringCloudGateway] register SentinelGatewayBlockExceptionHandler
12:33:20.277 [main] INFO  c.a.n.c.r.client - [lambda$createClient$0,80] - [RpcClientFactory] create a new rpc client of 1e646270-6857-4573-b5c0-a8154a7dff3f_config-0
12:33:20.277 [main] INFO  c.a.n.c.r.client - [printIfInfoEnabled,60] - [1e646270-6857-4573-b5c0-a8154a7dff3f_config-0] RpcClient init label, labels = {module=config, Vipserver-Tag=null, source=sdk, Amory-Tag=null, Location-Tag=null, taskId=0, AppName=unknown}
12:33:20.278 [main] INFO  c.a.n.c.r.client - [printIfInfoEnabled,60] - [1e646270-6857-4573-b5c0-a8154a7dff3f_config-0] Register server push request handler:com.alibaba.nacos.client.config.impl.ClientWorker$ConfigRpcTransportClient$$Lambda$337/99808631
12:33:20.278 [main] INFO  c.a.n.c.r.client - [printIfInfoEnabled,60] - [1e646270-6857-4573-b5c0-a8154a7dff3f_config-0] Register server push request handler:com.alibaba.nacos.client.config.impl.ClientWorker$ConfigRpcTransportClient$$Lambda$338/1651754404
12:33:20.278 [main] INFO  c.a.n.c.r.client - [printIfInfoEnabled,60] - [1e646270-6857-4573-b5c0-a8154a7dff3f_config-0] Registry connection listener to current client:com.alibaba.nacos.client.config.impl.ClientWorker$ConfigRpcTransportClient$1
12:33:20.278 [main] INFO  c.a.n.c.r.client - [printIfInfoEnabled,60] - [1e646270-6857-4573-b5c0-a8154a7dff3f_config-0] RpcClient init, ServerListFactory = com.alibaba.nacos.client.config.impl.ClientWorker$ConfigRpcTransportClient$2
12:33:20.278 [main] INFO  c.a.n.c.r.client - [printIfInfoEnabled,60] - [1e646270-6857-4573-b5c0-a8154a7dff3f_config-0] Try to connect to server on start up, server: {serverIp = '127.0.0.1', server main port = 8848}
12:33:20.401 [main] INFO  c.a.n.c.r.client - [printIfInfoEnabled,60] - [1e646270-6857-4573-b5c0-a8154a7dff3f_config-0] Success to connect to server [127.0.0.1:8848] on start up, connectionId = 1685594000283_127.0.0.1_1662
12:33:20.401 [main] INFO  c.a.n.c.r.client - [printIfInfoEnabled,60] - [1e646270-6857-4573-b5c0-a8154a7dff3f_config-0] Register server push request handler:com.alibaba.nacos.common.remote.client.RpcClient$ConnectResetRequestHandler
12:33:20.401 [com.alibaba.nacos.client.remote.worker] INFO  c.a.n.c.r.client - [printIfInfoEnabled,60] - [1e646270-6857-4573-b5c0-a8154a7dff3f_config-0] Notify connected event to listeners.
12:33:20.401 [main] INFO  c.a.n.c.r.client - [printIfInfoEnabled,60] - [1e646270-6857-4573-b5c0-a8154a7dff3f_config-0] Register server push request handler:com.alibaba.nacos.common.remote.client.RpcClient$$Lambda$346/1792381498
12:33:20.484 [main] INFO  c.a.n.c.r.client - [lambda$createClient$0,80] - [RpcClientFactory] create a new rpc client of 6f809fbe-2fed-4d4e-97a6-06bfe8eab2d1
12:33:20.484 [main] INFO  c.a.n.c.r.client - [printIfInfoEnabled,60] - [6f809fbe-2fed-4d4e-97a6-06bfe8eab2d1] RpcClient init label, labels = {module=naming, source=sdk}
12:33:20.486 [main] INFO  c.a.n.c.r.client - [printIfInfoEnabled,60] - [6f809fbe-2fed-4d4e-97a6-06bfe8eab2d1] RpcClient init, ServerListFactory = com.alibaba.nacos.client.naming.core.ServerListManager
12:33:20.486 [main] INFO  c.a.n.c.r.client - [printIfInfoEnabled,60] - [6f809fbe-2fed-4d4e-97a6-06bfe8eab2d1] Registry connection listener to current client:com.alibaba.nacos.client.naming.remote.gprc.redo.NamingGrpcRedoService
12:33:20.486 [main] INFO  c.a.n.c.r.client - [printIfInfoEnabled,60] - [6f809fbe-2fed-4d4e-97a6-06bfe8eab2d1] Register server push request handler:com.alibaba.nacos.client.naming.remote.gprc.NamingPushRequestHandler
12:33:20.486 [main] INFO  c.a.n.c.r.client - [printIfInfoEnabled,60] - [6f809fbe-2fed-4d4e-97a6-06bfe8eab2d1] Try to connect to server on start up, server: {serverIp = '127.0.0.1', server main port = 8848}
12:33:20.603 [main] INFO  c.a.n.c.r.client - [printIfInfoEnabled,60] - [6f809fbe-2fed-4d4e-97a6-06bfe8eab2d1] Success to connect to server [127.0.0.1:8848] on start up, connectionId = 1685594000491_127.0.0.1_1664
12:33:20.603 [main] INFO  c.a.n.c.r.client - [printIfInfoEnabled,60] - [6f809fbe-2fed-4d4e-97a6-06bfe8eab2d1] Register server push request handler:com.alibaba.nacos.common.remote.client.RpcClient$ConnectResetRequestHandler
12:33:20.603 [com.alibaba.nacos.client.remote.worker] INFO  c.a.n.c.r.client - [printIfInfoEnabled,60] - [6f809fbe-2fed-4d4e-97a6-06bfe8eab2d1] Notify connected event to listeners.
12:33:20.603 [main] INFO  c.a.n.c.r.client - [printIfInfoEnabled,60] - [6f809fbe-2fed-4d4e-97a6-06bfe8eab2d1] Register server push request handler:com.alibaba.nacos.common.remote.client.RpcClient$$Lambda$346/1792381498
12:33:21.220 [nacos-grpc-client-executor-19] INFO  c.a.n.c.r.client - [printIfInfoEnabled,60] - [6f809fbe-2fed-4d4e-97a6-06bfe8eab2d1] Receive server push request, request = NotifySubscriberRequest, requestId = 4
12:33:21.221 [nacos-grpc-client-executor-19] INFO  c.a.n.c.r.client - [printIfInfoEnabled,60] - [6f809fbe-2fed-4d4e-97a6-06bfe8eab2d1] Ack server push request, request = NotifySubscriberRequest, requestId = 4
12:33:21.223 [nacos-grpc-client-executor-20] INFO  c.a.n.c.r.client - [printIfInfoEnabled,60] - [6f809fbe-2fed-4d4e-97a6-06bfe8eab2d1] Receive server push request, request = NotifySubscriberRequest, requestId = 6
12:33:21.223 [nacos-grpc-client-executor-20] INFO  c.a.n.c.r.client - [printIfInfoEnabled,60] - [6f809fbe-2fed-4d4e-97a6-06bfe8eab2d1] Ack server push request, request = NotifySubscriberRequest, requestId = 6
12:33:21.225 [nacos-grpc-client-executor-21] INFO  c.a.n.c.r.client - [printIfInfoEnabled,60] - [6f809fbe-2fed-4d4e-97a6-06bfe8eab2d1] Receive server push request, request = NotifySubscriberRequest, requestId = 5
12:33:21.225 [nacos-grpc-client-executor-21] INFO  c.a.n.c.r.client - [printIfInfoEnabled,60] - [6f809fbe-2fed-4d4e-97a6-06bfe8eab2d1] Ack server push request, request = NotifySubscriberRequest, requestId = 5
12:33:21.607 [main] INFO  c.a.c.n.r.NacosServiceRegistry - [register,75] - nacos registry, DEFAULT_GROUP ruoyi-gateway 10.37.7.61:8080 register finished
12:33:21.633 [main] INFO  c.r.g.RuoYiGatewayApplication - [logStarted,61] - Started RuoYiGatewayApplication in 9.11 seconds (JVM running for 11.854)
12:33:21.639 [main] INFO  c.a.c.n.r.NacosContextRefresher - [registerNacosListener,129] - [Nacos Config] Listening config: dataId=ruoyi-gateway, group=DEFAULT_GROUP
12:33:21.639 [main] INFO  c.a.c.n.r.NacosContextRefresher - [registerNacosListener,129] - [Nacos Config] Listening config: dataId=ruoyi-gateway.yml, group=DEFAULT_GROUP
12:33:21.640 [main] INFO  c.a.c.n.r.NacosContextRefresher - [registerNacosListener,129] - [Nacos Config] Listening config: dataId=ruoyi-gateway-dev.yml, group=DEFAULT_GROUP
12:33:22.189 [nacos-grpc-client-executor-41] INFO  c.a.n.c.r.client - [printIfInfoEnabled,60] - [6f809fbe-2fed-4d4e-97a6-06bfe8eab2d1] Receive server push request, request = NotifySubscriberRequest, requestId = 7
12:33:22.189 [nacos-grpc-client-executor-41] INFO  c.a.n.c.r.client - [printIfInfoEnabled,60] - [6f809fbe-2fed-4d4e-97a6-06bfe8eab2d1] Ack server push request, request = NotifySubscriberRequest, requestId = 7
12:33:34.814 [nacos-grpc-client-executor-49] INFO  c.a.n.c.r.client - [printIfInfoEnabled,60] - [6f809fbe-2fed-4d4e-97a6-06bfe8eab2d1] Receive server push request, request = NotifySubscriberRequest, requestId = 9
12:33:34.815 [nacos-grpc-client-executor-49] INFO  c.a.n.c.r.client - [printIfInfoEnabled,60] - [6f809fbe-2fed-4d4e-97a6-06bfe8eab2d1] Ack server push request, request = NotifySubscriberRequest, requestId = 9
12:33:51.246 [nacos-grpc-client-executor-60] INFO  c.a.n.c.r.client - [printIfInfoEnabled,60] - [6f809fbe-2fed-4d4e-97a6-06bfe8eab2d1] Receive server push request, request = NotifySubscriberRequest, requestId = 11
12:33:51.246 [nacos-grpc-client-executor-60] INFO  c.a.n.c.r.client - [printIfInfoEnabled,60] - [6f809fbe-2fed-4d4e-97a6-06bfe8eab2d1] Ack server push request, request = NotifySubscriberRequest, requestId = 11
13:02:21.139 [nacos-grpc-client-executor-558] INFO  c.a.n.c.r.client - [printIfInfoEnabled,60] - [6f809fbe-2fed-4d4e-97a6-06bfe8eab2d1] Receive server push request, request = NotifySubscriberRequest, requestId = 13
13:02:21.143 [nacos-grpc-client-executor-558] INFO  c.a.n.c.r.client - [printIfInfoEnabled,60] - [6f809fbe-2fed-4d4e-97a6-06bfe8eab2d1] Ack server push request, request = NotifySubscriberRequest, requestId = 13
13:02:40.213 [nacos-grpc-client-executor-567] INFO  c.a.n.c.r.client - [printIfInfoEnabled,60] - [6f809fbe-2fed-4d4e-97a6-06bfe8eab2d1] Receive server push request, request = NotifySubscriberRequest, requestId = 15
13:02:40.214 [nacos-grpc-client-executor-567] INFO  c.a.n.c.r.client - [printIfInfoEnabled,60] - [6f809fbe-2fed-4d4e-97a6-06bfe8eab2d1] Ack server push request, request = NotifySubscriberRequest, requestId = 15
13:14:36.021 [nacos-grpc-client-executor-783] INFO  c.a.n.c.r.client - [printIfInfoEnabled,60] - [6f809fbe-2fed-4d4e-97a6-06bfe8eab2d1] Receive server push request, request = NotifySubscriberRequest, requestId = 16
13:14:36.022 [nacos-grpc-client-executor-783] INFO  c.a.n.c.r.client - [printIfInfoEnabled,60] - [6f809fbe-2fed-4d4e-97a6-06bfe8eab2d1] Ack server push request, request = NotifySubscriberRequest, requestId = 16
13:14:50.474 [nacos-grpc-client-executor-786] INFO  c.a.n.c.r.client - [printIfInfoEnabled,60] - [6f809fbe-2fed-4d4e-97a6-06bfe8eab2d1] Receive server push request, request = NotifySubscriberRequest, requestId = 18
13:14:50.475 [nacos-grpc-client-executor-786] INFO  c.a.n.c.r.client - [printIfInfoEnabled,60] - [6f809fbe-2fed-4d4e-97a6-06bfe8eab2d1] Ack server push request, request = NotifySubscriberRequest, requestId = 18
13:21:55.752 [nacos-grpc-client-executor-916] INFO  c.a.n.c.r.client - [printIfInfoEnabled,60] - [6f809fbe-2fed-4d4e-97a6-06bfe8eab2d1] Receive server push request, request = NotifySubscriberRequest, requestId = 19
13:21:55.754 [nacos-grpc-client-executor-916] INFO  c.a.n.c.r.client - [printIfInfoEnabled,60] - [6f809fbe-2fed-4d4e-97a6-06bfe8eab2d1] Ack server push request, request = NotifySubscriberRequest, requestId = 19
13:22:07.368 [nacos-grpc-client-executor-919] INFO  c.a.n.c.r.client - [printIfInfoEnabled,60] - [6f809fbe-2fed-4d4e-97a6-06bfe8eab2d1] Receive server push request, request = NotifySubscriberRequest, requestId = 21
13:22:07.370 [nacos-grpc-client-executor-919] INFO  c.a.n.c.r.client - [printIfInfoEnabled,60] - [6f809fbe-2fed-4d4e-97a6-06bfe8eab2d1] Ack server push request, request = NotifySubscriberRequest, requestId = 21
13:22:56.663 [nacos-grpc-client-executor-935] INFO  c.a.n.c.r.client - [printIfInfoEnabled,60] - [6f809fbe-2fed-4d4e-97a6-06bfe8eab2d1] Receive server push request, request = NotifySubscriberRequest, requestId = 22
13:22:56.664 [nacos-grpc-client-executor-935] INFO  c.a.n.c.r.client - [printIfInfoEnabled,60] - [6f809fbe-2fed-4d4e-97a6-06bfe8eab2d1] Ack server push request, request = NotifySubscriberRequest, requestId = 22
13:23:08.412 [nacos-grpc-client-executor-937] INFO  c.a.n.c.r.client - [printIfInfoEnabled,60] - [6f809fbe-2fed-4d4e-97a6-06bfe8eab2d1] Receive server push request, request = NotifySubscriberRequest, requestId = 24
13:23:08.413 [nacos-grpc-client-executor-937] INFO  c.a.n.c.r.client - [printIfInfoEnabled,60] - [6f809fbe-2fed-4d4e-97a6-06bfe8eab2d1] Ack server push request, request = NotifySubscriberRequest, requestId = 24
13:23:27.926 [nacos-grpc-client-executor-945] INFO  c.a.n.c.r.client - [printIfInfoEnabled,60] - [6f809fbe-2fed-4d4e-97a6-06bfe8eab2d1] Receive server push request, request = NotifySubscriberRequest, requestId = 25
13:23:27.927 [nacos-grpc-client-executor-945] INFO  c.a.n.c.r.client - [printIfInfoEnabled,60] - [6f809fbe-2fed-4d4e-97a6-06bfe8eab2d1] Ack server push request, request = NotifySubscriberRequest, requestId = 25
13:23:38.875 [nacos-grpc-client-executor-947] INFO  c.a.n.c.r.client - [printIfInfoEnabled,60] - [6f809fbe-2fed-4d4e-97a6-06bfe8eab2d1] Receive server push request, request = NotifySubscriberRequest, requestId = 27
13:23:38.877 [nacos-grpc-client-executor-947] INFO  c.a.n.c.r.client - [printIfInfoEnabled,60] - [6f809fbe-2fed-4d4e-97a6-06bfe8eab2d1] Ack server push request, request = NotifySubscriberRequest, requestId = 27
14:33:34.594 [nacos-grpc-client-executor-2172] INFO  c.a.n.c.r.client - [printIfInfoEnabled,60] - [6f809fbe-2fed-4d4e-97a6-06bfe8eab2d1] Receive server push request, request = NotifySubscriberRequest, requestId = 28
14:33:34.597 [nacos-grpc-client-executor-2172] INFO  c.a.n.c.r.client - [printIfInfoEnabled,60] - [6f809fbe-2fed-4d4e-97a6-06bfe8eab2d1] Ack server push request, request = NotifySubscriberRequest, requestId = 28
14:33:47.434 [nacos-grpc-client-executor-2174] INFO  c.a.n.c.r.client - [printIfInfoEnabled,60] - [6f809fbe-2fed-4d4e-97a6-06bfe8eab2d1] Receive server push request, request = NotifySubscriberRequest, requestId = 30
14:33:47.435 [nacos-grpc-client-executor-2174] INFO  c.a.n.c.r.client - [printIfInfoEnabled,60] - [6f809fbe-2fed-4d4e-97a6-06bfe8eab2d1] Ack server push request, request = NotifySubscriberRequest, requestId = 30
14:40:53.381 [nacos-grpc-client-executor-2302] INFO  c.a.n.c.r.client - [printIfInfoEnabled,60] - [6f809fbe-2fed-4d4e-97a6-06bfe8eab2d1] Receive server push request, request = NotifySubscriberRequest, requestId = 32
14:40:53.381 [nacos-grpc-client-executor-2302] INFO  c.a.n.c.r.client - [printIfInfoEnabled,60] - [6f809fbe-2fed-4d4e-97a6-06bfe8eab2d1] Ack server push request, request = NotifySubscriberRequest, requestId = 32
15:45:23.993 [nacos-grpc-client-executor-3514] INFO  c.a.n.c.r.client - [printIfInfoEnabled,60] - [6f809fbe-2fed-4d4e-97a6-06bfe8eab2d1] Receive server push request, request = NotifySubscriberRequest, requestId = 33
15:45:23.997 [nacos-grpc-client-executor-3514] INFO  c.a.n.c.r.client - [printIfInfoEnabled,60] - [6f809fbe-2fed-4d4e-97a6-06bfe8eab2d1] Ack server push request, request = NotifySubscriberRequest, requestId = 33
15:45:30.637 [nacos-grpc-client-executor-3516] INFO  c.a.n.c.r.client - [printIfInfoEnabled,60] - [6f809fbe-2fed-4d4e-97a6-06bfe8eab2d1] Receive server push request, request = NotifySubscriberRequest, requestId = 34
15:45:30.638 [nacos-grpc-client-executor-3516] INFO  c.a.n.c.r.client - [printIfInfoEnabled,60] - [6f809fbe-2fed-4d4e-97a6-06bfe8eab2d1] Ack server push request, request = NotifySubscriberRequest, requestId = 34
15:45:35.658 [nacos-grpc-client-executor-3517] INFO  c.a.n.c.r.client - [printIfInfoEnabled,60] - [6f809fbe-2fed-4d4e-97a6-06bfe8eab2d1] Receive server push request, request = NotifySubscriberRequest, requestId = 36
15:45:35.660 [nacos-grpc-client-executor-3517] INFO  c.a.n.c.r.client - [printIfInfoEnabled,60] - [6f809fbe-2fed-4d4e-97a6-06bfe8eab2d1] Ack server push request, request = NotifySubscriberRequest, requestId = 36
15:45:43.410 [nacos-grpc-client-executor-3519] INFO  c.a.n.c.r.client - [printIfInfoEnabled,60] - [6f809fbe-2fed-4d4e-97a6-06bfe8eab2d1] Receive server push request, request = NotifySubscriberRequest, requestId = 38
15:45:43.411 [nacos-grpc-client-executor-3519] INFO  c.a.n.c.r.client - [printIfInfoEnabled,60] - [6f809fbe-2fed-4d4e-97a6-06bfe8eab2d1] Ack server push request, request = NotifySubscriberRequest, requestId = 38
15:57:00.902 [nacos-grpc-client-executor-3733] INFO  c.a.n.c.r.client - [printIfInfoEnabled,60] - [6f809fbe-2fed-4d4e-97a6-06bfe8eab2d1] Receive server push request, request = NotifySubscriberRequest, requestId = 39
15:57:00.904 [nacos-grpc-client-executor-3733] INFO  c.a.n.c.r.client - [printIfInfoEnabled,60] - [6f809fbe-2fed-4d4e-97a6-06bfe8eab2d1] Ack server push request, request = NotifySubscriberRequest, requestId = 39
15:57:12.688 [nacos-grpc-client-executor-3736] INFO  c.a.n.c.r.client - [printIfInfoEnabled,60] - [6f809fbe-2fed-4d4e-97a6-06bfe8eab2d1] Receive server push request, request = NotifySubscriberRequest, requestId = 41
15:57:12.689 [nacos-grpc-client-executor-3736] INFO  c.a.n.c.r.client - [printIfInfoEnabled,60] - [6f809fbe-2fed-4d4e-97a6-06bfe8eab2d1] Ack server push request, request = NotifySubscriberRequest, requestId = 41
17:19:11.132 [nacos-grpc-client-executor-5259] INFO  c.a.n.c.r.client - [printIfInfoEnabled,60] - [6f809fbe-2fed-4d4e-97a6-06bfe8eab2d1] Receive server push request, request = NotifySubscriberRequest, requestId = 44
17:19:11.136 [nacos-grpc-client-executor-5259] INFO  c.a.n.c.r.client - [printIfInfoEnabled,60] - [6f809fbe-2fed-4d4e-97a6-06bfe8eab2d1] Ack server push request, request = NotifySubscriberRequest, requestId = 44
17:19:23.922 [nacos-grpc-client-executor-5262] INFO  c.a.n.c.r.client - [printIfInfoEnabled,60] - [6f809fbe-2fed-4d4e-97a6-06bfe8eab2d1] Receive server push request, request = NotifySubscriberRequest, requestId = 46
17:19:23.923 [nacos-grpc-client-executor-5262] INFO  c.a.n.c.r.client - [printIfInfoEnabled,60] - [6f809fbe-2fed-4d4e-97a6-06bfe8eab2d1] Ack server push request, request = NotifySubscriberRequest, requestId = 46
17:22:33.841 [nacos-grpc-client-executor-5326] INFO  c.a.n.c.r.client - [printIfInfoEnabled,60] - [6f809fbe-2fed-4d4e-97a6-06bfe8eab2d1] Receive server push request, request = NotifySubscriberRequest, requestId = 47
17:22:33.843 [nacos-grpc-client-executor-5326] INFO  c.a.n.c.r.client - [printIfInfoEnabled,60] - [6f809fbe-2fed-4d4e-97a6-06bfe8eab2d1] Ack server push request, request = NotifySubscriberRequest, requestId = 47
17:22:44.770 [nacos-grpc-client-executor-5328] INFO  c.a.n.c.r.client - [printIfInfoEnabled,60] - [6f809fbe-2fed-4d4e-97a6-06bfe8eab2d1] Receive server push request, request = NotifySubscriberRequest, requestId = 49
17:22:44.771 [nacos-grpc-client-executor-5328] INFO  c.a.n.c.r.client - [printIfInfoEnabled,60] - [6f809fbe-2fed-4d4e-97a6-06bfe8eab2d1] Ack server push request, request = NotifySubscriberRequest, requestId = 49
17:37:19.601 [nacos-grpc-client-executor-5604] INFO  c.a.n.c.r.client - [printIfInfoEnabled,60] - [6f809fbe-2fed-4d4e-97a6-06bfe8eab2d1] Receive server push request, request = NotifySubscriberRequest, requestId = 55
17:37:19.602 [nacos-grpc-client-executor-5604] INFO  c.a.n.c.r.client - [printIfInfoEnabled,60] - [6f809fbe-2fed-4d4e-97a6-06bfe8eab2d1] Ack server push request, request = NotifySubscriberRequest, requestId = 55
17:37:30.520 [nacos-grpc-client-executor-5611] INFO  c.a.n.c.r.client - [printIfInfoEnabled,60] - [6f809fbe-2fed-4d4e-97a6-06bfe8eab2d1] Receive server push request, request = NotifySubscriberRequest, requestId = 57
17:37:30.525 [nacos-grpc-client-executor-5611] INFO  c.a.n.c.r.client - [printIfInfoEnabled,60] - [6f809fbe-2fed-4d4e-97a6-06bfe8eab2d1] Ack server push request, request = NotifySubscriberRequest, requestId = 57
19:07:53.373 [nacos-grpc-client-executor-7274] INFO  c.a.n.c.r.client - [printIfInfoEnabled,60] - [6f809fbe-2fed-4d4e-97a6-06bfe8eab2d1] Receive server push request, request = NotifySubscriberRequest, requestId = 58
19:07:53.375 [nacos-grpc-client-executor-7274] INFO  c.a.n.c.r.client - [printIfInfoEnabled,60] - [6f809fbe-2fed-4d4e-97a6-06bfe8eab2d1] Ack server push request, request = NotifySubscriberRequest, requestId = 58
19:08:12.296 [nacos-grpc-client-executor-7281] INFO  c.a.n.c.r.client - [printIfInfoEnabled,60] - [6f809fbe-2fed-4d4e-97a6-06bfe8eab2d1] Receive server push request, request = NotifySubscriberRequest, requestId = 60
19:08:12.297 [nacos-grpc-client-executor-7281] INFO  c.a.n.c.r.client - [printIfInfoEnabled,60] - [6f809fbe-2fed-4d4e-97a6-06bfe8eab2d1] Ack server push request, request = NotifySubscriberRequest, requestId = 60
19:10:38.296 [nacos-grpc-client-executor-7329] INFO  c.a.n.c.r.client - [printIfInfoEnabled,60] - [6f809fbe-2fed-4d4e-97a6-06bfe8eab2d1] Receive server push request, request = NotifySubscriberRequest, requestId = 61
19:10:38.298 [nacos-grpc-client-executor-7329] INFO  c.a.n.c.r.client - [printIfInfoEnabled,60] - [6f809fbe-2fed-4d4e-97a6-06bfe8eab2d1] Ack server push request, request = NotifySubscriberRequest, requestId = 61
19:10:42.105 [nacos-grpc-client-executor-7330] INFO  c.a.n.c.r.client - [printIfInfoEnabled,60] - [6f809fbe-2fed-4d4e-97a6-06bfe8eab2d1] Receive server push request, request = NotifySubscriberRequest, requestId = 64
19:10:42.106 [nacos-grpc-client-executor-7330] INFO  c.a.n.c.r.client - [printIfInfoEnabled,60] - [6f809fbe-2fed-4d4e-97a6-06bfe8eab2d1] Ack server push request, request = NotifySubscriberRequest, requestId = 64
19:10:58.522 [nacos-grpc-client-executor-7337] INFO  c.a.n.c.r.client - [printIfInfoEnabled,60] - [6f809fbe-2fed-4d4e-97a6-06bfe8eab2d1] Receive server push request, request = NotifySubscriberRequest, requestId = 68
19:10:58.523 [nacos-grpc-client-executor-7337] INFO  c.a.n.c.r.client - [printIfInfoEnabled,60] - [6f809fbe-2fed-4d4e-97a6-06bfe8eab2d1] Ack server push request, request = NotifySubscriberRequest, requestId = 68
19:11:12.740 [nacos-grpc-client-executor-7339] INFO  c.a.n.c.r.client - [printIfInfoEnabled,60] - [6f809fbe-2fed-4d4e-97a6-06bfe8eab2d1] Receive server push request, request = NotifySubscriberRequest, requestId = 70
19:11:12.741 [nacos-grpc-client-executor-7339] INFO  c.a.n.c.r.client - [printIfInfoEnabled,60] - [6f809fbe-2fed-4d4e-97a6-06bfe8eab2d1] Ack server push request, request = NotifySubscriberRequest, requestId = 70
19:59:09.770 [SpringApplicationShutdownHook] INFO  c.a.c.n.r.NacosServiceRegistry - [deregister,94] - De-registering from Nacos Server now...
19:59:09.777 [SpringApplicationShutdownHook] INFO  c.a.c.n.r.NacosServiceRegistry - [deregister,114] - De-registration finished.
19:59:10.119 [SpringApplicationShutdownHook] INFO  c.a.n.c.r.client - [shutdown,454] - Shutdown rpc client, set status to shutdown
19:59:10.120 [SpringApplicationShutdownHook] INFO  c.a.n.c.r.client - [shutdown,456] - Shutdown client event executor java.util.concurrent.ScheduledThreadPoolExecutor@44843e3d[Running, pool size = 2, active threads = 2, queued tasks = 0, completed tasks = 0]
19:59:10.121 [SpringApplicationShutdownHook] INFO  c.a.n.c.r.client - [closeConnection,591] - Close current connection 1685594000491_127.0.0.1_1664
19:59:10.124 [nacos-grpc-client-executor-8190] INFO  c.a.n.c.r.c.g.GrpcClient - [printIfInfoEnabled,60] - [1685594000491_127.0.0.1_1664]Ignore complete event,isRunning:false,isAbandon=false
19:59:10.137 [SpringApplicationShutdownHook] INFO  c.a.n.c.r.c.g.GrpcClient - [shutdown,85] - Shutdown grpc executor java.util.concurrent.ThreadPoolExecutor@2d822bb0[Running, pool size = 5, active threads = 0, queued tasks = 0, completed tasks = 8191]
19:59:16.032 [background-preinit] INFO  o.h.v.i.util.Version - [<clinit>,21] - HV000001: Hibernate Validator 6.2.5.Final
19:59:16.602 [main] INFO  c.a.n.c.r.client - [lambda$createClient$0,80] - [RpcClientFactory] create a new rpc client of a11f1bed-0c67-4772-95bd-217fdbb99012_config-0
19:59:16.635 [main] INFO  o.r.Reflections - [scan,232] - Reflections took 20 ms to scan 1 urls, producing 3 keys and 6 values 
19:59:16.658 [main] INFO  o.r.Reflections - [scan,232] - Reflections took 11 ms to scan 1 urls, producing 4 keys and 9 values 
19:59:16.668 [main] INFO  o.r.Reflections - [scan,232] - Reflections took 8 ms to scan 1 urls, producing 3 keys and 10 values 
19:59:16.788 [main] INFO  o.r.Reflections - [scan,232] - Reflections took 118 ms to scan 208 urls, producing 0 keys and 0 values 
19:59:16.796 [main] INFO  o.r.Reflections - [scan,232] - Reflections took 7 ms to scan 1 urls, producing 1 keys and 5 values 
19:59:16.805 [main] INFO  o.r.Reflections - [scan,232] - Reflections took 7 ms to scan 1 urls, producing 1 keys and 7 values 
19:59:16.814 [main] INFO  o.r.Reflections - [scan,232] - Reflections took 7 ms to scan 1 urls, producing 2 keys and 8 values 
19:59:16.910 [main] INFO  o.r.Reflections - [scan,232] - Reflections took 95 ms to scan 208 urls, producing 0 keys and 0 values 
19:59:16.912 [main] INFO  c.a.n.c.r.client - [printIfInfoEnabled,60] - [a11f1bed-0c67-4772-95bd-217fdbb99012_config-0] RpcClient init label, labels = {module=config, Vipserver-Tag=null, source=sdk, Amory-Tag=null, Location-Tag=null, taskId=0, AppName=unknown}
19:59:16.912 [main] INFO  c.a.n.c.r.client - [printIfInfoEnabled,60] - [a11f1bed-0c67-4772-95bd-217fdbb99012_config-0] Register server push request handler:com.alibaba.nacos.client.config.impl.ClientWorker$ConfigRpcTransportClient$$Lambda$337/99808631
19:59:16.912 [main] INFO  c.a.n.c.r.client - [printIfInfoEnabled,60] - [a11f1bed-0c67-4772-95bd-217fdbb99012_config-0] Register server push request handler:com.alibaba.nacos.client.config.impl.ClientWorker$ConfigRpcTransportClient$$Lambda$338/1651754404
19:59:16.913 [main] INFO  c.a.n.c.r.client - [printIfInfoEnabled,60] - [a11f1bed-0c67-4772-95bd-217fdbb99012_config-0] Registry connection listener to current client:com.alibaba.nacos.client.config.impl.ClientWorker$ConfigRpcTransportClient$1
19:59:16.913 [main] INFO  c.a.n.c.r.client - [printIfInfoEnabled,60] - [a11f1bed-0c67-4772-95bd-217fdbb99012_config-0] RpcClient init, ServerListFactory = com.alibaba.nacos.client.config.impl.ClientWorker$ConfigRpcTransportClient$2
19:59:16.918 [main] INFO  c.a.n.c.r.client - [printIfInfoEnabled,60] - [a11f1bed-0c67-4772-95bd-217fdbb99012_config-0] Try to connect to server on start up, server: {serverIp = '127.0.0.1', server main port = 8848}
19:59:18.091 [main] INFO  c.a.n.c.r.client - [printIfInfoEnabled,60] - [a11f1bed-0c67-4772-95bd-217fdbb99012_config-0] Success to connect to server [127.0.0.1:8848] on start up, connectionId = 1685620757879_127.0.0.1_4052
19:59:18.091 [com.alibaba.nacos.client.remote.worker] INFO  c.a.n.c.r.client - [printIfInfoEnabled,60] - [a11f1bed-0c67-4772-95bd-217fdbb99012_config-0] Notify connected event to listeners.
19:59:18.092 [main] INFO  c.a.n.c.r.client - [printIfInfoEnabled,60] - [a11f1bed-0c67-4772-95bd-217fdbb99012_config-0] Register server push request handler:com.alibaba.nacos.common.remote.client.RpcClient$ConnectResetRequestHandler
19:59:18.092 [main] INFO  c.a.n.c.r.client - [printIfInfoEnabled,60] - [a11f1bed-0c67-4772-95bd-217fdbb99012_config-0] Register server push request handler:com.alibaba.nacos.common.remote.client.RpcClient$$Lambda$346/1147394515
19:59:18.151 [main] INFO  c.r.g.RuoYiGatewayApplication - [logStartupProfileInfo,637] - The following 1 profile is active: "dev"
19:59:20.904 [main] INFO  c.a.c.s.g.s.SentinelSCGAutoConfiguration - [sentinelGatewayFilter,144] - [Sentinel SpringCloudGateway] register SentinelGatewayFilter with order: -2147483648
19:59:21.201 [main] INFO  c.a.c.s.g.s.SentinelSCGAutoConfiguration - [sentinelGatewayBlockExceptionHandler,134] - [Sentinel SpringCloudGateway] register SentinelGatewayBlockExceptionHandler
19:59:21.518 [main] INFO  c.a.n.c.r.client - [lambda$createClient$0,80] - [RpcClientFactory] create a new rpc client of bb6e7f3d-e7a3-4b10-b139-545b77816f52_config-0
19:59:21.519 [main] INFO  c.a.n.c.r.client - [printIfInfoEnabled,60] - [bb6e7f3d-e7a3-4b10-b139-545b77816f52_config-0] RpcClient init label, labels = {module=config, Vipserver-Tag=null, source=sdk, Amory-Tag=null, Location-Tag=null, taskId=0, AppName=unknown}
19:59:21.519 [main] INFO  c.a.n.c.r.client - [printIfInfoEnabled,60] - [bb6e7f3d-e7a3-4b10-b139-545b77816f52_config-0] Register server push request handler:com.alibaba.nacos.client.config.impl.ClientWorker$ConfigRpcTransportClient$$Lambda$337/99808631
19:59:21.519 [main] INFO  c.a.n.c.r.client - [printIfInfoEnabled,60] - [bb6e7f3d-e7a3-4b10-b139-545b77816f52_config-0] Register server push request handler:com.alibaba.nacos.client.config.impl.ClientWorker$ConfigRpcTransportClient$$Lambda$338/1651754404
19:59:21.519 [main] INFO  c.a.n.c.r.client - [printIfInfoEnabled,60] - [bb6e7f3d-e7a3-4b10-b139-545b77816f52_config-0] Registry connection listener to current client:com.alibaba.nacos.client.config.impl.ClientWorker$ConfigRpcTransportClient$1
19:59:21.519 [main] INFO  c.a.n.c.r.client - [printIfInfoEnabled,60] - [bb6e7f3d-e7a3-4b10-b139-545b77816f52_config-0] RpcClient init, ServerListFactory = com.alibaba.nacos.client.config.impl.ClientWorker$ConfigRpcTransportClient$2
19:59:21.520 [main] INFO  c.a.n.c.r.client - [printIfInfoEnabled,60] - [bb6e7f3d-e7a3-4b10-b139-545b77816f52_config-0] Try to connect to server on start up, server: {serverIp = '127.0.0.1', server main port = 8848}
19:59:21.640 [main] INFO  c.a.n.c.r.client - [printIfInfoEnabled,60] - [bb6e7f3d-e7a3-4b10-b139-545b77816f52_config-0] Success to connect to server [127.0.0.1:8848] on start up, connectionId = 1685620761525_127.0.0.1_4063
19:59:21.640 [com.alibaba.nacos.client.remote.worker] INFO  c.a.n.c.r.client - [printIfInfoEnabled,60] - [bb6e7f3d-e7a3-4b10-b139-545b77816f52_config-0] Notify connected event to listeners.
19:59:21.640 [main] INFO  c.a.n.c.r.client - [printIfInfoEnabled,60] - [bb6e7f3d-e7a3-4b10-b139-545b77816f52_config-0] Register server push request handler:com.alibaba.nacos.common.remote.client.RpcClient$ConnectResetRequestHandler
19:59:21.640 [main] INFO  c.a.n.c.r.client - [printIfInfoEnabled,60] - [bb6e7f3d-e7a3-4b10-b139-545b77816f52_config-0] Register server push request handler:com.alibaba.nacos.common.remote.client.RpcClient$$Lambda$346/1147394515
19:59:21.705 [main] INFO  c.a.n.c.r.client - [lambda$createClient$0,80] - [RpcClientFactory] create a new rpc client of 9cdffb2f-9c46-4806-9c52-55adbde4b66d
19:59:21.705 [main] INFO  c.a.n.c.r.client - [printIfInfoEnabled,60] - [9cdffb2f-9c46-4806-9c52-55adbde4b66d] RpcClient init label, labels = {module=naming, source=sdk}
19:59:21.706 [main] INFO  c.a.n.c.r.client - [printIfInfoEnabled,60] - [9cdffb2f-9c46-4806-9c52-55adbde4b66d] RpcClient init, ServerListFactory = com.alibaba.nacos.client.naming.core.ServerListManager
19:59:21.706 [main] INFO  c.a.n.c.r.client - [printIfInfoEnabled,60] - [9cdffb2f-9c46-4806-9c52-55adbde4b66d] Registry connection listener to current client:com.alibaba.nacos.client.naming.remote.gprc.redo.NamingGrpcRedoService
19:59:21.707 [main] INFO  c.a.n.c.r.client - [printIfInfoEnabled,60] - [9cdffb2f-9c46-4806-9c52-55adbde4b66d] Register server push request handler:com.alibaba.nacos.client.naming.remote.gprc.NamingPushRequestHandler
19:59:21.707 [main] INFO  c.a.n.c.r.client - [printIfInfoEnabled,60] - [9cdffb2f-9c46-4806-9c52-55adbde4b66d] Try to connect to server on start up, server: {serverIp = '127.0.0.1', server main port = 8848}
19:59:21.828 [main] INFO  c.a.n.c.r.client - [printIfInfoEnabled,60] - [9cdffb2f-9c46-4806-9c52-55adbde4b66d] Success to connect to server [127.0.0.1:8848] on start up, connectionId = 1685620761711_127.0.0.1_4064
19:59:21.828 [main] INFO  c.a.n.c.r.client - [printIfInfoEnabled,60] - [9cdffb2f-9c46-4806-9c52-55adbde4b66d] Register server push request handler:com.alibaba.nacos.common.remote.client.RpcClient$ConnectResetRequestHandler
19:59:21.828 [main] INFO  c.a.n.c.r.client - [printIfInfoEnabled,60] - [9cdffb2f-9c46-4806-9c52-55adbde4b66d] Register server push request handler:com.alibaba.nacos.common.remote.client.RpcClient$$Lambda$346/1147394515
19:59:21.828 [com.alibaba.nacos.client.remote.worker] INFO  c.a.n.c.r.client - [printIfInfoEnabled,60] - [9cdffb2f-9c46-4806-9c52-55adbde4b66d] Notify connected event to listeners.
19:59:22.353 [nacos-grpc-client-executor-26] INFO  c.a.n.c.r.client - [printIfInfoEnabled,60] - [9cdffb2f-9c46-4806-9c52-55adbde4b66d] Receive server push request, request = NotifySubscriberRequest, requestId = 71
19:59:22.353 [nacos-grpc-client-executor-26] INFO  c.a.n.c.r.client - [printIfInfoEnabled,60] - [9cdffb2f-9c46-4806-9c52-55adbde4b66d] Ack server push request, request = NotifySubscriberRequest, requestId = 71
19:59:22.454 [nacos-grpc-client-executor-27] INFO  c.a.n.c.r.client - [printIfInfoEnabled,60] - [9cdffb2f-9c46-4806-9c52-55adbde4b66d] Receive server push request, request = NotifySubscriberRequest, requestId = 72
19:59:22.454 [nacos-grpc-client-executor-27] INFO  c.a.n.c.r.client - [printIfInfoEnabled,60] - [9cdffb2f-9c46-4806-9c52-55adbde4b66d] Ack server push request, request = NotifySubscriberRequest, requestId = 72
19:59:22.456 [nacos-grpc-client-executor-28] INFO  c.a.n.c.r.client - [printIfInfoEnabled,60] - [9cdffb2f-9c46-4806-9c52-55adbde4b66d] Receive server push request, request = NotifySubscriberRequest, requestId = 74
19:59:22.456 [nacos-grpc-client-executor-28] INFO  c.a.n.c.r.client - [printIfInfoEnabled,60] - [9cdffb2f-9c46-4806-9c52-55adbde4b66d] Ack server push request, request = NotifySubscriberRequest, requestId = 74
19:59:22.457 [nacos-grpc-client-executor-29] INFO  c.a.n.c.r.client - [printIfInfoEnabled,60] - [9cdffb2f-9c46-4806-9c52-55adbde4b66d] Receive server push request, request = NotifySubscriberRequest, requestId = 73
19:59:22.457 [nacos-grpc-client-executor-29] INFO  c.a.n.c.r.client - [printIfInfoEnabled,60] - [9cdffb2f-9c46-4806-9c52-55adbde4b66d] Ack server push request, request = NotifySubscriberRequest, requestId = 73
19:59:22.459 [nacos-grpc-client-executor-30] INFO  c.a.n.c.r.client - [printIfInfoEnabled,60] - [9cdffb2f-9c46-4806-9c52-55adbde4b66d] Receive server push request, request = NotifySubscriberRequest, requestId = 75
19:59:22.460 [nacos-grpc-client-executor-30] INFO  c.a.n.c.r.client - [printIfInfoEnabled,60] - [9cdffb2f-9c46-4806-9c52-55adbde4b66d] Ack server push request, request = NotifySubscriberRequest, requestId = 75
19:59:22.665 [main] INFO  c.a.c.n.r.NacosServiceRegistry - [register,75] - nacos registry, DEFAULT_GROUP ruoyi-gateway 192.168.31.242:8080 register finished
19:59:22.686 [main] INFO  c.r.g.RuoYiGatewayApplication - [logStarted,61] - Started RuoYiGatewayApplication in 7.251 seconds (JVM running for 8.474)
19:59:22.691 [main] INFO  c.a.c.n.r.NacosContextRefresher - [registerNacosListener,129] - [Nacos Config] Listening config: dataId=ruoyi-gateway, group=DEFAULT_GROUP
19:59:22.692 [main] INFO  c.a.c.n.r.NacosContextRefresher - [registerNacosListener,129] - [Nacos Config] Listening config: dataId=ruoyi-gateway.yml, group=DEFAULT_GROUP
19:59:22.694 [main] INFO  c.a.c.n.r.NacosContextRefresher - [registerNacosListener,129] - [Nacos Config] Listening config: dataId=ruoyi-gateway-dev.yml, group=DEFAULT_GROUP
19:59:23.218 [nacos-grpc-client-executor-48] INFO  c.a.n.c.r.client - [printIfInfoEnabled,60] - [9cdffb2f-9c46-4806-9c52-55adbde4b66d] Receive server push request, request = NotifySubscriberRequest, requestId = 76
19:59:23.219 [nacos-grpc-client-executor-48] INFO  c.a.n.c.r.client - [printIfInfoEnabled,60] - [9cdffb2f-9c46-4806-9c52-55adbde4b66d] Ack server push request, request = NotifySubscriberRequest, requestId = 76
19:59:32.695 [nacos-grpc-client-executor-56] INFO  c.a.n.c.r.client - [printIfInfoEnabled,60] - [9cdffb2f-9c46-4806-9c52-55adbde4b66d] Receive server push request, request = NotifySubscriberRequest, requestId = 78
19:59:32.697 [nacos-grpc-client-executor-56] INFO  c.a.n.c.r.client - [printIfInfoEnabled,60] - [9cdffb2f-9c46-4806-9c52-55adbde4b66d] Ack server push request, request = NotifySubscriberRequest, requestId = 78
19:59:38.287 [nacos-grpc-client-executor-58] INFO  c.a.n.c.r.client - [printIfInfoEnabled,60] - [9cdffb2f-9c46-4806-9c52-55adbde4b66d] Receive server push request, request = NotifySubscriberRequest, requestId = 80
19:59:38.288 [nacos-grpc-client-executor-58] INFO  c.a.n.c.r.client - [printIfInfoEnabled,60] - [9cdffb2f-9c46-4806-9c52-55adbde4b66d] Ack server push request, request = NotifySubscriberRequest, requestId = 80
19:59:44.304 [nacos-grpc-client-executor-62] INFO  c.a.n.c.r.client - [printIfInfoEnabled,60] - [9cdffb2f-9c46-4806-9c52-55adbde4b66d] Receive server push request, request = NotifySubscriberRequest, requestId = 82
19:59:44.305 [nacos-grpc-client-executor-62] INFO  c.a.n.c.r.client - [printIfInfoEnabled,60] - [9cdffb2f-9c46-4806-9c52-55adbde4b66d] Ack server push request, request = NotifySubscriberRequest, requestId = 82
19:59:44.738 [nacos-grpc-client-executor-63] INFO  c.a.n.c.r.client - [printIfInfoEnabled,60] - [9cdffb2f-9c46-4806-9c52-55adbde4b66d] Receive server push request, request = NotifySubscriberRequest, requestId = 84
19:59:44.740 [nacos-grpc-client-executor-63] INFO  c.a.n.c.r.client - [printIfInfoEnabled,60] - [9cdffb2f-9c46-4806-9c52-55adbde4b66d] Ack server push request, request = NotifySubscriberRequest, requestId = 84
19:59:50.217 [nacos-grpc-client-executor-64] INFO  c.a.n.c.r.client - [printIfInfoEnabled,60] - [9cdffb2f-9c46-4806-9c52-55adbde4b66d] Receive server push request, request = NotifySubscriberRequest, requestId = 86
19:59:50.219 [nacos-grpc-client-executor-64] INFO  c.a.n.c.r.client - [printIfInfoEnabled,60] - [9cdffb2f-9c46-4806-9c52-55adbde4b66d] Ack server push request, request = NotifySubscriberRequest, requestId = 86
19:59:53.510 [nacos-grpc-client-executor-69] INFO  c.a.n.c.r.client - [printIfInfoEnabled,60] - [9cdffb2f-9c46-4806-9c52-55adbde4b66d] Receive server push request, request = NotifySubscriberRequest, requestId = 88
19:59:53.512 [nacos-grpc-client-executor-69] INFO  c.a.n.c.r.client - [printIfInfoEnabled,60] - [9cdffb2f-9c46-4806-9c52-55adbde4b66d] Ack server push request, request = NotifySubscriberRequest, requestId = 88
20:00:18.396 [nacos-grpc-client-executor-74] INFO  c.a.n.c.r.client - [printIfInfoEnabled,60] - [9cdffb2f-9c46-4806-9c52-55adbde4b66d] Receive server push request, request = NotifySubscriberRequest, requestId = 89
20:00:18.398 [nacos-grpc-client-executor-74] INFO  c.a.n.c.r.client - [printIfInfoEnabled,60] - [9cdffb2f-9c46-4806-9c52-55adbde4b66d] Ack server push request, request = NotifySubscriberRequest, requestId = 89
